#
# A fatal error has been detected by the Java Runtime Environment:
#
#  SIGSEGV (0xb) at pc=0x00007fd3a1406ac7, pid=17775, tid=0x00007fd3fe1c8700
#
# JRE version: OpenJDK Runtime Environment (8.0_191-b12) (build 1.8.0_191-8u191-b12-2ubuntu0.16.04.1-b12)
# Java VM: OpenJDK 64-Bit Server VM (25.191-b12 mixed mode linux-amd64 compressed oops)
# Problematic frame:
# C  [libtesseract.so.3.0.4+0x9dac7]  tesseract::Tesseract::recog_all_words(PAGE_RES*, ETEXT_DESC*, TBOX const*, char const*, int)+0x5e7
#
# Failed to write core dump. Core dumps have been disabled. To enable core dumping, try "ulimit -c unlimited" before starting Java again
#
# If you would like to submit a bug report, please visit:
#   http://bugreport.java.com/bugreport/crash.jsp
# The crash happened outside the Java Virtual Machine in native code.
# See problematic frame for where to report the bug.
#

---------------  T H R E A D  ---------------

Current thread (0x00007fd3f400f800):  JavaThread "main" [_thread_in_native, id=17781, stack(0x00007fd3fe0c8000,0x00007fd3fe1c9000)]

siginfo: si_signo: 11 (SIGSEGV), si_code: 1 (SEGV_MAPERR), si_addr: 0x000000000000000c

Registers:
RAX=0x0000000000000000, RBX=0x00007fd3fe1c54c0, RCX=0x0000000000000000, RDX=0x0000000000000000
RSP=0x00007fd3fe1c5470, RBP=0x00007fd3f4d764b0, RSI=0x0000000000000000, RDI=0x00007fd3fe1c5580
R8 =0x0000000000000000, R9 =0x0000000000000000, R10=0x00000000ffff8001, R11=0x00007fd3f4601c30
R12=0x00007fd3f4dcd6c0, R13=0x0000000000000000, R14=0x0000000000000000, R15=0x00007fd3f4dcd6c0
RIP=0x00007fd3a1406ac7, EFLAGS=0x0000000000010246, CSGSFS=0x002b000000000033, ERR=0x0000000000000004
  TRAPNO=0x000000000000000e

Top of Stack: (sp=0x00007fd3fe1c5470)
0x00007fd3fe1c5470:   0000000000000000 0000000000000000
0x00007fd3fe1c5480:   00007fd3f4e00bb0 00007fd3f4608f20
0x00007fd3fe1c5490:   00007fd3f4608df0 00007fd3f46085e0
0x00007fd3fe1c54a0:   0000000000000000 00007fd3fe1c54d0
0x00007fd3fe1c54b0:   00007fd3f4e00bb0 00007fd3a1562980
0x00007fd3fe1c54c0:   00007fd3f4dcd6c0 0000000000000000
0x00007fd3fe1c54d0:   0000000000000000 0000000000000000
0x00007fd3fe1c54e0:   00007fd3f4e00c20 00007fd3f4603760
0x00007fd3fe1c54f0:   00007fd3f46085e0 00007fd3f46053b0
0x00007fd3fe1c5500:   00007fd3f4603760 00007fd3f46085e0
0x00007fd3fe1c5510:   00007fd3f4dcd6c8 00007fd3f46085e0
0x00007fd3fe1c5520:   00007fd3f46085e0 00007fd3f46085e0
0x00007fd3fe1c5530:   00007fd3f4dc0000 00007fd3f46085e0
0x00007fd3fe1c5540:   0000000000000000 00007fd3f4608608
0x00007fd3fe1c5550:   00007fd3f4608f20 00007fd3f4603760
0x00007fd3fe1c5560:   00007fd3f4e00bb0 00007fd3f4d70000
0x00007fd3fe1c5570:   00007fd3f4603760 00007fd3f4dcd700
0x00007fd3fe1c5580:   00007fd3f4603780 00007fd3f46053b0
0x00007fd3fe1c5590:   00007fd3f4e00c20 00007fd3f46053b0
0x00007fd3fe1c55a0:   0000000000000000 00007fd3f4e00c20
0x00007fd3fe1c55b0:   0000000000000001 a8900b5fa1df0d00
0x00007fd3fe1c55c0:   0000000000000000 00007fd3f4d71050
0x00007fd3fe1c55d0:   00007fd3fe1c5650 00000000ffffffff
0x00007fd3fe1c55e0:   0000000000000000 00007fd3f4dcd6c0
0x00007fd3fe1c55f0:   00007fd3f4dcd6c0 00007fd3a13f1065
0x00007fd3fe1c5600:   0000006e0000005b 00000000854e4140
0x00007fd3fe1c5610:   0000000086191b01 a8900b5fa1df0d00
0x00007fd3fe1c5620:   00000000861d71a0 00007fd3f4d71050
0x00007fd3fe1c5630:   0000000000000001 0000000000000000
0x00007fd3fe1c5640:   0000000000000001 00007fd3fe1c6090
0x00007fd3fe1c5650:   00007fd3fe1c56a0 00007fd3a13f233c
0x00007fd3fe1c5660:   00007fd3fe1c56b8 a8900b5fa1df0d00 

Instructions: (pc=0x00007fd3a1406ac7)
0x00007fd3a1406aa7:   13 00 00 41 83 fe 01 0f 84 ec fb ff ff e9 b9 fa
0x00007fd3a1406ab7:   ff ff 0f 1f 80 00 00 00 00 48 8b 85 10 0b 00 00
0x00007fd3a1406ac7:   80 78 0c 00 0f 84 9f fd ff ff 48 89 ef e8 17 82
0x00007fd3a1406ad7:   0f 00 e9 92 fd ff ff 4c 89 e6 48 89 ef e8 e7 8b 

Register to memory mapping:

RAX=0x0000000000000000 is an unknown value
RBX=0x00007fd3fe1c54c0 is pointing into the stack for thread: 0x00007fd3f400f800
RCX=0x0000000000000000 is an unknown value
RDX=0x0000000000000000 is an unknown value
RSP=0x00007fd3fe1c5470 is pointing into the stack for thread: 0x00007fd3f400f800
RBP=0x00007fd3f4d764b0 is an unknown value
RSI=0x0000000000000000 is an unknown value
RDI=0x00007fd3fe1c5580 is pointing into the stack for thread: 0x00007fd3f400f800
R8 =0x0000000000000000 is an unknown value
R9 =0x0000000000000000 is an unknown value
R10=0x00000000ffff8001 is an unallocated location in the heap
R11=0x00007fd3f4601c30 is an unknown value
R12=0x00007fd3f4dcd6c0 is an unknown value
R13=0x0000000000000000 is an unknown value
R14=0x0000000000000000 is an unknown value
R15=0x00007fd3f4dcd6c0 is an unknown value


Stack: [0x00007fd3fe0c8000,0x00007fd3fe1c9000],  sp=0x00007fd3fe1c5470,  free space=1013k
Native frames: (J=compiled Java code, j=interpreted, Vv=VM code, C=native code)
C  [libtesseract.so.3.0.4+0x9dac7]  tesseract::Tesseract::recog_all_words(PAGE_RES*, ETEXT_DESC*, TBOX const*, char const*, int)+0x5e7

Java frames: (J=compiled Java code, j=interpreted, Vv=VM code)
j  com.sun.jna.Native.invokePointer(JI[Ljava/lang/Object;)J+0
j  com.sun.jna.Function.invokePointer(I[Ljava/lang/Object;)Lcom/sun/jna/Pointer;+6
j  com.sun.jna.Function.invoke([Ljava/lang/Object;Ljava/lang/Class;Z)Ljava/lang/Object;+426
j  com.sun.jna.Function.invoke(Ljava/lang/Class;[Ljava/lang/Object;Ljava/util/Map;)Ljava/lang/Object;+262
j  com.sun.jna.Library$Handler.invoke(Ljava/lang/Object;Ljava/lang/reflect/Method;[Ljava/lang/Object;)Ljava/lang/Object;+316
j  com.sun.proxy.$Proxy7.TessBaseAPIGetUTF8Text(Lnet/sourceforge/tess4j/ITessAPI$TessBaseAPI;)Lcom/sun/jna/Pointer;+16
j  net.sourceforge.tess4j.Tesseract.getOCRText(Ljava/lang/String;I)Ljava/lang/String;+62
j  net.sourceforge.tess4j.Tesseract.doOCR(Ljava/util/List;Ljava/lang/String;Ljava/awt/Rectangle;)Ljava/lang/String;+69
j  net.sourceforge.tess4j.Tesseract.doOCR(Ljava/io/File;Ljava/awt/Rectangle;)Ljava/lang/String;+10
j  net.sourceforge.tess4j.Tesseract.doOCR(Ljava/io/File;)Ljava/lang/String;+3
j  test_scenarios.GambitTestScenarios.readToastMessage(Ljava/lang/String;)Ljava/lang/String;+69
j  test_scenarios.GambitTestScenarios.search()V+194
v  ~StubRoutines::call_stub
j  sun.reflect.NativeMethodAccessorImpl.invoke0(Ljava/lang/reflect/Method;Ljava/lang/Object;[Ljava/lang/Object;)Ljava/lang/Object;+0
j  sun.reflect.NativeMethodAccessorImpl.invoke(Ljava/lang/Object;[Ljava/lang/Object;)Ljava/lang/Object;+100
j  sun.reflect.DelegatingMethodAccessorImpl.invoke(Ljava/lang/Object;[Ljava/lang/Object;)Ljava/lang/Object;+6
j  java.lang.reflect.Method.invoke(Ljava/lang/Object;[Ljava/lang/Object;)Ljava/lang/Object;+56
j  org.testng.internal.MethodInvocationHelper.invokeMethod(Ljava/lang/reflect/Method;Ljava/lang/Object;[Ljava/lang/Object;)Ljava/lang/Object;+255
j  org.testng.internal.Invoker.invokeMethod(Ljava/lang/Object;Lorg/testng/ITestNGMethod;[Ljava/lang/Object;ILorg/testng/xml/XmlSuite;Ljava/util/Map;Lorg/testng/ITestClass;[Lorg/testng/ITestNGMethod;[Lorg/testng/ITestNGMethod;Lorg/testng/internal/ConfigurationGroupMethods;Lorg/testng/internal/Invoker$FailureContext;)Lorg/testng/ITestResult;+577
j  org.testng.internal.Invoker.invokeTestMethod(Ljava/lang/Object;Lorg/testng/ITestNGMethod;[Ljava/lang/Object;ILorg/testng/xml/XmlSuite;Ljava/util/Map;Lorg/testng/ITestClass;[Lorg/testng/ITestNGMethod;[Lorg/testng/ITestNGMethod;Lorg/testng/internal/ConfigurationGroupMethods;Lorg/testng/internal/Invoker$FailureContext;)Lorg/testng/ITestResult;+29
j  org.testng.internal.Invoker.invokeTestMethods(Lorg/testng/ITestNGMethod;Lorg/testng/xml/XmlSuite;Ljava/util/Map;Lorg/testng/internal/ConfigurationGroupMethods;Ljava/lang/Object;Lorg/testng/ITestContext;)Ljava/util/List;+729
j  org.testng.internal.TestMethodWorker.invokeTestMethods(Lorg/testng/ITestNGMethod;Ljava/lang/Object;Lorg/testng/ITestContext;)V+19
j  org.testng.internal.TestMethodWorker.run()V+63
j  org.testng.TestRunner.privateRun(Lorg/testng/xml/XmlTest;)V+300
j  org.testng.TestRunner.run()V+25
j  org.testng.SuiteRunner.runTest(Lorg/testng/TestRunner;)V+1
j  org.testng.SuiteRunner.runSequentially()V+31
j  org.testng.SuiteRunner.privateRun()V+288
j  org.testng.SuiteRunner.run()V+6
j  org.testng.SuiteRunnerWorker.runSuite(Lorg/testng/internal/SuiteRunnerMap;Lorg/testng/xml/XmlSuite;)V+87
j  org.testng.SuiteRunnerWorker.run()V+12
j  org.testng.TestNG.runSuitesSequentially(Lorg/testng/xml/XmlSuite;Lorg/testng/internal/SuiteRunnerMap;ILjava/lang/String;)V+66
j  org.testng.TestNG.runSuitesLocally()Ljava/util/List;+156
j  org.testng.TestNG.runSuites()Ljava/util/List;+1
j  org.testng.TestNG.run()V+25
j  org.testng.remote.AbstractRemoteTestNG.run()V+149
j  org.testng.remote.RemoteTestNG.initAndRun(Lorg/testng/remote/IRemoteTestNG;[Ljava/lang/String;Lorg/testng/CommandLineArgs;Lorg/testng/remote/RemoteArgs;)V+184
j  org.testng.remote.RemoteTestNG.main([Ljava/lang/String;)V+201
v  ~StubRoutines::call_stub

---------------  P R O C E S S  ---------------

Java Threads: ( => current thread )
  0x00007fd3f4116000 JavaThread "Java2D Disposer" daemon [_thread_blocked, id=17891, stack(0x00007fd3a3aea000,0x00007fd3a3beb000)]
  0x00007fd3f4b41800 JavaThread "Okio Watchdog" daemon [_thread_blocked, id=17801, stack(0x00007fd3a36e8000,0x00007fd3a37e9000)]
  0x00007fd3f4b3c800 JavaThread "OkHttp ConnectionPool" daemon [_thread_blocked, id=17800, stack(0x00007fd3a37e9000,0x00007fd3a38ea000)]
  0x00007fd3f46dc800 JavaThread "ReaderThread" [_thread_in_native, id=17796, stack(0x00007fd3d8849000,0x00007fd3d894a000)]
  0x00007fd3f40c5000 JavaThread "Service Thread" daemon [_thread_blocked, id=17793, stack(0x00007fd3dbeff000,0x00007fd3dc000000)]
  0x00007fd3f40c2000 JavaThread "C1 CompilerThread2" daemon [_thread_blocked, id=17792, stack(0x00007fd3e00d9000,0x00007fd3e01da000)]
  0x00007fd3f40c0000 JavaThread "C2 CompilerThread1" daemon [_thread_blocked, id=17791, stack(0x00007fd3e01da000,0x00007fd3e02db000)]
  0x00007fd3f40bd000 JavaThread "C2 CompilerThread0" daemon [_thread_blocked, id=17790, stack(0x00007fd3e02db000,0x00007fd3e03dc000)]
  0x00007fd3f40bb800 JavaThread "Signal Dispatcher" daemon [_thread_blocked, id=17789, stack(0x00007fd3e03dc000,0x00007fd3e04dd000)]
  0x00007fd3f4089800 JavaThread "Finalizer" daemon [_thread_blocked, id=17788, stack(0x00007fd3e0e9c000,0x00007fd3e0f9d000)]
  0x00007fd3f4087000 JavaThread "Reference Handler" daemon [_thread_blocked, id=17787, stack(0x00007fd3e0f9d000,0x00007fd3e109e000)]
=>0x00007fd3f400f800 JavaThread "main" [_thread_in_native, id=17781, stack(0x00007fd3fe0c8000,0x00007fd3fe1c9000)]

Other Threads:
  0x00007fd3f407d000 VMThread [stack: 0x00007fd3e109e000,0x00007fd3e119f000] [id=17786]
  0x00007fd3f40c7800 WatcherThread [stack: 0x00007fd3dbdfe000,0x00007fd3dbeff000] [id=17794]

VM state:not at safepoint (normal execution)

VM Mutex/Monitor currently owned by a thread: None

Heap:
 PSYoungGen      total 68608K, used 27363K [0x00000000d7180000, 0x00000000df080000, 0x0000000100000000)
  eden space 63488K, 43% used [0x00000000d7180000,0x00000000d8c38c80,0x00000000daf80000)
  from space 5120K, 0% used [0x00000000db480000,0x00000000db480000,0x00000000db980000)
  to   space 5120K, 0% used [0x00000000daf80000,0x00000000daf80000,0x00000000db480000)
 ParOldGen       total 104448K, used 15100K [0x0000000085400000, 0x000000008ba00000, 0x00000000d7180000)
  object space 104448K, 14% used [0x0000000085400000,0x00000000862bf190,0x000000008ba00000)
 Metaspace       used 22125K, capacity 22944K, committed 23040K, reserved 1069056K
  class space    used 2767K, capacity 2978K, committed 3072K, reserved 1048576K

Card table byte_map: [0x00007fd3fa39c000,0x00007fd3fa773000] byte_map_base: 0x00007fd3f9f72000

Marking Bits: (ParMarkBitMap*) 0x00007fd3fd396520
 Begin Bits: [0x00007fd3e12a0000, 0x00007fd3e3150000)
 End Bits:   [0x00007fd3e3150000, 0x00007fd3e5000000)

Polling page: 0x00007fd3fe1ea000

CodeCache: size=245760Kb used=6252Kb max_used=6262Kb free=239507Kb
 bounds [0x00007fd3e5000000, 0x00007fd3e5630000, 0x00007fd3f4000000]
 total_blobs=2320 nmethods=1862 adapters=372
 compilation: enabled

Compilation events (10 events):
Event: 18.715 Thread 0x00007fd3f40c2000 1858       3       java.io.RandomAccessFile::readFully (45 bytes)
Event: 18.716 Thread 0x00007fd3f40c2000 nmethod 1858 0x00007fd3e561b7d0 code [0x00007fd3e561b960, 0x00007fd3e561bd38]
Event: 18.717 Thread 0x00007fd3f40bd000 1859  s    4       java.io.ByteArrayOutputStream::write (66 bytes)
Event: 18.723 Thread 0x00007fd3f40c0000 1860       4       java.lang.Math::min (12 bytes)
Event: 18.723 Thread 0x00007fd3f40c0000 nmethod 1860 0x00007fd3e5614f50 code [0x00007fd3e5615080, 0x00007fd3e56150d8]
Event: 18.723 Thread 0x00007fd3f40c0000 1861       4       java.io.RandomAccessFile::readFully (45 bytes)
Event: 18.724 Thread 0x00007fd3f40bd000 nmethod 1859 0x00007fd3e561e350 code [0x00007fd3e561e4c0, 0x00007fd3e561ec18]
Event: 18.724 Thread 0x00007fd3f40c0000 nmethod 1861 0x00007fd3e561f310 code [0x00007fd3e561f460, 0x00007fd3e561f528]
Event: 18.741 Thread 0x00007fd3f40c2000 1862       3       sun.reflect.ClassFileAssembler::emitConstantPoolClass (23 bytes)
Event: 18.741 Thread 0x00007fd3f40c2000 nmethod 1862 0x00007fd3e561d9d0 code [0x00007fd3e561db80, 0x00007fd3e561e008]

GC Heap History (10 events):
Event: 1.443 GC heap before
{Heap before GC invocations=2 (full 0):
 PSYoungGen      total 36864K, used 36175K [0x00000000d7180000, 0x00000000db980000, 0x0000000100000000)
  eden space 31744K, 100% used [0x00000000d7180000,0x00000000d9080000,0x00000000d9080000)
  from space 5120K, 86% used [0x00000000d9080000,0x00000000d94d3f10,0x00000000d9580000)
  to   space 5120K, 0% used [0x00000000db480000,0x00000000db480000,0x00000000db980000)
 ParOldGen       total 84992K, used 72K [0x0000000085400000, 0x000000008a700000, 0x00000000d7180000)
  object space 84992K, 0% used [0x0000000085400000,0x0000000085412010,0x000000008a700000)
 Metaspace       used 13501K, capacity 13740K, committed 14080K, reserved 1060864K
  class space    used 1602K, capacity 1675K, committed 1792K, reserved 1048576K
Event: 1.453 GC heap after
Heap after GC invocations=2 (full 0):
 PSYoungGen      total 68608K, used 5101K [0x00000000d7180000, 0x00000000db980000, 0x0000000100000000)
  eden space 63488K, 0% used [0x00000000d7180000,0x00000000d7180000,0x00000000daf80000)
  from space 5120K, 99% used [0x00000000db480000,0x00000000db97b6f0,0x00000000db980000)
  to   space 5120K, 0% used [0x00000000daf80000,0x00000000daf80000,0x00000000db480000)
 ParOldGen       total 84992K, used 1083K [0x0000000085400000, 0x000000008a700000, 0x00000000d7180000)
  object space 84992K, 1% used [0x0000000085400000,0x000000008550ed18,0x000000008a700000)
 Metaspace       used 13501K, capacity 13740K, committed 14080K, reserved 1060864K
  class space    used 1602K, capacity 1675K, committed 1792K, reserved 1048576K
}
Event: 18.305 GC heap before
{Heap before GC invocations=3 (full 0):
 PSYoungGen      total 68608K, used 59352K [0x00000000d7180000, 0x00000000db980000, 0x0000000100000000)
  eden space 63488K, 85% used [0x00000000d7180000,0x00000000da67ab98,0x00000000daf80000)
  from space 5120K, 99% used [0x00000000db480000,0x00000000db97b6f0,0x00000000db980000)
  to   space 5120K, 0% used [0x00000000daf80000,0x00000000daf80000,0x00000000db480000)
 ParOldGen       total 84992K, used 1083K [0x0000000085400000, 0x000000008a700000, 0x00000000d7180000)
  object space 84992K, 1% used [0x0000000085400000,0x000000008550ed18,0x000000008a700000)
 Metaspace       used 20378K, capacity 21146K, committed 21248K, reserved 1067008K
  class space    used 2506K, capacity 2721K, committed 2816K, reserved 1048576K
Event: 18.313 GC heap after
Heap after GC invocations=3 (full 0):
 PSYoungGen      total 68608K, used 5107K [0x00000000d7180000, 0x00000000db980000, 0x0000000100000000)
  eden space 63488K, 0% used [0x00000000d7180000,0x00000000d7180000,0x00000000daf80000)
  from space 5120K, 99% used [0x00000000daf80000,0x00000000db47cf80,0x00000000db480000)
  to   space 5120K, 0% used [0x00000000db480000,0x00000000db480000,0x00000000db980000)
 ParOldGen       total 84992K, used 4853K [0x0000000085400000, 0x000000008a700000, 0x00000000d7180000)
  object space 84992K, 5% used [0x0000000085400000,0x00000000858bd690,0x000000008a700000)
 Metaspace       used 20378K, capacity 21146K, committed 21248K, reserved 1067008K
  class space    used 2506K, capacity 2721K, committed 2816K, reserved 1048576K
}
Event: 18.313 GC heap before
{Heap before GC invocations=4 (full 1):
 PSYoungGen      total 68608K, used 5107K [0x00000000d7180000, 0x00000000db980000, 0x0000000100000000)
  eden space 63488K, 0% used [0x00000000d7180000,0x00000000d7180000,0x00000000daf80000)
  from space 5120K, 99% used [0x00000000daf80000,0x00000000db47cf80,0x00000000db480000)
  to   space 5120K, 0% used [0x00000000db480000,0x00000000db480000,0x00000000db980000)
 ParOldGen       total 84992K, used 4853K [0x0000000085400000, 0x000000008a700000, 0x00000000d7180000)
  object space 84992K, 5% used [0x0000000085400000,0x00000000858bd690,0x000000008a700000)
 Metaspace       used 20378K, capacity 21146K, committed 21248K, reserved 1067008K
  class space    used 2506K, capacity 2721K, committed 2816K, reserved 1048576K
Event: 18.345 GC heap after
Heap after GC invocations=4 (full 1):
 PSYoungGen      total 68608K, used 0K [0x00000000d7180000, 0x00000000db980000, 0x0000000100000000)
  eden space 63488K, 0% used [0x00000000d7180000,0x00000000d7180000,0x00000000daf80000)
  from space 5120K, 0% used [0x00000000daf80000,0x00000000daf80000,0x00000000db480000)
  to   space 5120K, 0% used [0x00000000db480000,0x00000000db480000,0x00000000db980000)
 ParOldGen       total 50688K, used 8757K [0x0000000085400000, 0x0000000088580000, 0x00000000d7180000)
  object space 50688K, 17% used [0x0000000085400000,0x0000000085c8d5d8,0x0000000088580000)
 Metaspace       used 20375K, capacity 21138K, committed 21248K, reserved 1067008K
  class space    used 2504K, capacity 2719K, committed 2816K, reserved 1048576K
}
Event: 18.661 GC heap before
{Heap before GC invocations=5 (full 1):
 PSYoungGen      total 68608K, used 61686K [0x00000000d7180000, 0x00000000db980000, 0x0000000100000000)
  eden space 63488K, 97% used [0x00000000d7180000,0x00000000dadbd8a8,0x00000000daf80000)
  from space 5120K, 0% used [0x00000000daf80000,0x00000000daf80000,0x00000000db480000)
  to   space 5120K, 0% used [0x00000000db480000,0x00000000db480000,0x00000000db980000)
 ParOldGen       total 50688K, used 8757K [0x0000000085400000, 0x0000000088580000, 0x00000000d7180000)
  object space 50688K, 17% used [0x0000000085400000,0x0000000085c8d5d8,0x0000000088580000)
 Metaspace       used 22085K, capacity 22874K, committed 23040K, reserved 1069056K
  class space    used 2765K, capacity 2977K, committed 3072K, reserved 1048576K
Event: 18.670 GC heap after
Heap after GC invocations=5 (full 1):
 PSYoungGen      total 68608K, used 1336K [0x00000000d7180000, 0x00000000df080000, 0x0000000100000000)
  eden space 63488K, 0% used [0x00000000d7180000,0x00000000d7180000,0x00000000daf80000)
  from space 5120K, 26% used [0x00000000db480000,0x00000000db5ce380,0x00000000db980000)
  to   space 5120K, 0% used [0x00000000daf80000,0x00000000daf80000,0x00000000db480000)
 ParOldGen       total 50688K, used 33065K [0x0000000085400000, 0x0000000088580000, 0x00000000d7180000)
  object space 50688K, 65% used [0x0000000085400000,0x000000008744a608,0x0000000088580000)
 Metaspace       used 22085K, capacity 22874K, committed 23040K, reserved 1069056K
  class space    used 2765K, capacity 2977K, committed 3072K, reserved 1048576K
}
Event: 18.670 GC heap before
{Heap before GC invocations=6 (full 2):
 PSYoungGen      total 68608K, used 1336K [0x00000000d7180000, 0x00000000df080000, 0x0000000100000000)
  eden space 63488K, 0% used [0x00000000d7180000,0x00000000d7180000,0x00000000daf80000)
  from space 5120K, 26% used [0x00000000db480000,0x00000000db5ce380,0x00000000db980000)
  to   space 5120K, 0% used [0x00000000daf80000,0x00000000daf80000,0x00000000db480000)
 ParOldGen       total 50688K, used 33065K [0x0000000085400000, 0x0000000088580000, 0x00000000d7180000)
  object space 50688K, 65% used [0x0000000085400000,0x000000008744a608,0x0000000088580000)
 Metaspace       used 22085K, capacity 22874K, committed 23040K, reserved 1069056K
  class space    used 2765K, capacity 2977K, committed 3072K, reserved 1048576K
Event: 18.703 GC heap after
Heap after GC invocations=6 (full 2):
 PSYoungGen      total 68608K, used 0K [0x00000000d7180000, 0x00000000df080000, 0x0000000100000000)
  eden space 63488K, 0% used [0x00000000d7180000,0x00000000d7180000,0x00000000daf80000)
  from space 5120K, 0% used [0x00000000db480000,0x00000000db480000,0x00000000db980000)
  to   space 5120K, 0% used [0x00000000daf80000,0x00000000daf80000,0x00000000db480000)
 ParOldGen       total 104448K, used 15100K [0x0000000085400000, 0x000000008ba00000, 0x00000000d7180000)
  object space 104448K, 14% used [0x0000000085400000,0x00000000862bf190,0x000000008ba00000)
 Metaspace       used 22085K, capacity 22874K, committed 23040K, reserved 1069056K
  class space    used 2765K, capacity 2977K, committed 3072K, reserved 1048576K
}

Deoptimization events (10 events):
Event: 7.331 Thread 0x00007fd3f400f800 Uncommon trap: reason=class_check action=maybe_recompile pc=0x00007fd3e54698c4 method=org.openqa.selenium.json.Input.init()V @ 18
Event: 7.332 Thread 0x00007fd3f400f800 Uncommon trap: reason=class_check action=maybe_recompile pc=0x00007fd3e546d710 method=org.openqa.selenium.json.Input.init()V @ 18
Event: 7.332 Thread 0x00007fd3f400f800 Uncommon trap: reason=class_check action=maybe_recompile pc=0x00007fd3e546d710 method=org.openqa.selenium.json.Input.init()V @ 18
Event: 7.332 Thread 0x00007fd3f400f800 Uncommon trap: reason=class_check action=maybe_recompile pc=0x00007fd3e54698c4 method=org.openqa.selenium.json.Input.init()V @ 18
Event: 7.547 Thread 0x00007fd3f400f800 Uncommon trap: reason=class_check action=maybe_recompile pc=0x00007fd3e5496ccc method=java.util.concurrent.ConcurrentHashMap.putVal(Ljava/lang/Object;Ljava/lang/Object;Z)Ljava/lang/Object; @ 192
Event: 18.258 Thread 0x00007fd3f400f800 Uncommon trap: reason=unstable_if action=reinterpret pc=0x00007fd3e54e3308 method=java.lang.CharacterDataLatin1.digit(II)I @ 82
Event: 18.281 Thread 0x00007fd3f400f800 Uncommon trap: reason=unstable_if action=reinterpret pc=0x00007fd3e5550394 method=java.util.regex.Pattern$Slice.match(Ljava/util/regex/Matcher;ILjava/lang/CharSequence;)Z @ 54
Event: 18.380 Thread 0x00007fd3f400f800 Uncommon trap: reason=unstable_if action=reinterpret pc=0x00007fd3e558a8d4 method=java.lang.Math.abs(I)I @ 1
Event: 18.380 Thread 0x00007fd3f400f800 Uncommon trap: reason=unstable_if action=reinterpret pc=0x00007fd3e558ac4c method=java.lang.Math.abs(I)I @ 1
Event: 18.458 Thread 0x00007fd3f400f800 Uncommon trap: reason=class_check action=maybe_recompile pc=0x00007fd3e5501224 method=java.util.regex.Matcher.search(I)Z @ 86

Classes redefined (0 events):
No events

Internal exceptions (10 events):
Event: 10.380 Thread 0x00007fd3f400f800 Exception <a 'java/lang/NoSuchMethodError': java.lang.Object.of(Ljava/lang/Object;)Ljava/util/stream/Stream;> (0x00000000d8e68a48) thrown at [/build/openjdk-8-6jqSe7/openjdk-8-8u191-b12/src/hotspot/src/share/vm/interpreter/linkResolver.cpp, line 620]
Event: 10.385 Thread 0x00007fd3f400f800 Exception <a 'java/net/SocketTimeoutException': Read timed out> (0x00000000d8e96538) thrown at [/build/openjdk-8-6jqSe7/openjdk-8-8u191-b12/src/hotspot/src/share/vm/prims/jni.cpp, line 735]
Event: 15.697 Thread 0x00007fd3f400f800 Exception <a 'java/net/SocketTimeoutException': Read timed out> (0x00000000d8eee778) thrown at [/build/openjdk-8-6jqSe7/openjdk-8-8u191-b12/src/hotspot/src/share/vm/prims/jni.cpp, line 735]
Event: 16.172 Thread 0x00007fd3f400f800 Exception <a 'java/net/SocketTimeoutException': Read timed out> (0x00000000d8f026f8) thrown at [/build/openjdk-8-6jqSe7/openjdk-8-8u191-b12/src/hotspot/src/share/vm/prims/jni.cpp, line 735]
Event: 17.311 Thread 0x00007fd3f400f800 Exception <a 'java/lang/NoSuchMethodError': java.lang.Object.lambda$comparing$77a9974f$1(Ljava/util/function/Function;Ljava/lang/Object;Ljava/lang/Object;)I> (0x00000000d8f53048) thrown at [/build/openjdk-8-6jqSe7/openjdk-8-8u191-b12/src/hotspot/src/share
Event: 18.260 Thread 0x00007fd3f400f800 Exception <a 'java/io/FileNotFoundException'> (0x00000000da03e060) thrown at [/build/openjdk-8-6jqSe7/openjdk-8-8u191-b12/src/hotspot/src/share/vm/prims/jni.cpp, line 709]
Event: 18.286 Thread 0x00007fd3f400f800 Exception <a 'java/io/FileNotFoundException'> (0x00000000da316058) thrown at [/build/openjdk-8-6jqSe7/openjdk-8-8u191-b12/src/hotspot/src/share/vm/prims/jni.cpp, line 709]
Event: 18.286 Thread 0x00007fd3f400f800 Exception <a 'java/io/FileNotFoundException'> (0x00000000da316c18) thrown at [/build/openjdk-8-6jqSe7/openjdk-8-8u191-b12/src/hotspot/src/share/vm/prims/jni.cpp, line 709]
Event: 18.471 Thread 0x00007fd3f400f800 Exception <a 'java/lang/UnsatisfiedLinkError': libtesseract.so: cannot open shared object file: No such file or directory> (0x00000000d85038d8) thrown at [/build/openjdk-8-6jqSe7/openjdk-8-8u191-b12/src/hotspot/src/share/vm/prims/jni.cpp, line 735]
Event: 18.471 Thread 0x00007fd3f400f800 Exception <a 'java/lang/UnsatisfiedLinkError': libtesseract.so: cannot open shared object file: No such file or directory> (0x00000000d8504d40) thrown at [/build/openjdk-8-6jqSe7/openjdk-8-8u191-b12/src/hotspot/src/share/vm/prims/jni.cpp, line 735]

Events (10 events):
Event: 18.661 Executing VM operation: ParallelGCFailedAllocation
Event: 18.703 Executing VM operation: ParallelGCFailedAllocation done
Event: 18.703 Executing VM operation: RevokeBias
Event: 18.704 Executing VM operation: RevokeBias done
Event: 18.704 Executing VM operation: RevokeBias
Event: 18.704 Executing VM operation: RevokeBias done
Event: 18.740 loading class java/lang/StrictMath
Event: 18.740 loading class java/lang/StrictMath done
Event: 18.740 loading class com/sun/jna/Native$Buffers
Event: 18.740 loading class com/sun/jna/Native$Buffers done


Dynamic libraries:
00400000-00401000 r-xp 00000000 08:05 5401265                            /usr/lib/jvm/java-8-openjdk-amd64/jre/bin/java
00600000-00601000 r--p 00000000 08:05 5401265                            /usr/lib/jvm/java-8-openjdk-amd64/jre/bin/java
00601000-00602000 rw-p 00001000 08:05 5401265                            /usr/lib/jvm/java-8-openjdk-amd64/jre/bin/java
0180f000-01830000 rw-p 00000000 00:00 0                                  [heap]
85400000-8ba00000 rw-p 00000000 00:00 0 
8ba00000-d7180000 ---p 00000000 00:00 0 
d7180000-df080000 rw-p 00000000 00:00 0 
df080000-100000000 ---p 00000000 00:00 0 
100000000-100300000 rw-p 00000000 00:00 0 
100300000-140000000 ---p 00000000 00:00 0 
7fd38ae1e000-7fd38bdf2000 rw-p 00000000 00:00 0 
7fd38bdf2000-7fd38bdfd000 r-xp 00000000 08:05 5382773                    /usr/lib/x86_64-linux-gnu/libjbig.so.0
7fd38bdfd000-7fd38bffc000 ---p 0000b000 08:05 5382773                    /usr/lib/x86_64-linux-gnu/libjbig.so.0
7fd38bffc000-7fd38bffd000 r--p 0000a000 08:05 5382773                    /usr/lib/x86_64-linux-gnu/libjbig.so.0
7fd38bffd000-7fd38c000000 rw-p 0000b000 08:05 5382773                    /usr/lib/x86_64-linux-gnu/libjbig.so.0
7fd38c000000-7fd38c021000 rw-p 00000000 00:00 0 
7fd38c021000-7fd390000000 ---p 00000000 00:00 0 
7fd390000000-7fd390021000 rw-p 00000000 00:00 0 
7fd390021000-7fd394000000 ---p 00000000 00:00 0 
7fd394000000-7fd394021000 rw-p 00000000 00:00 0 
7fd394021000-7fd398000000 ---p 00000000 00:00 0 
7fd398000000-7fd398021000 rw-p 00000000 00:00 0 
7fd398021000-7fd39c000000 ---p 00000000 00:00 0 
7fd39c000000-7fd39c021000 rw-p 00000000 00:00 0 
7fd39c021000-7fd3a0000000 ---p 00000000 00:00 0 
7fd3a017a000-7fd3a019b000 r-xp 00000000 08:05 3674640                    /lib/x86_64-linux-gnu/liblzma.so.5.0.0
7fd3a019b000-7fd3a039a000 ---p 00021000 08:05 3674640                    /lib/x86_64-linux-gnu/liblzma.so.5.0.0
7fd3a039a000-7fd3a039b000 r--p 00020000 08:05 3674640                    /lib/x86_64-linux-gnu/liblzma.so.5.0.0
7fd3a039b000-7fd3a039c000 rw-p 00021000 08:05 3674640                    /lib/x86_64-linux-gnu/liblzma.so.5.0.0
7fd3a039c000-7fd3a03d6000 r-xp 00000000 08:05 5375547                    /usr/lib/x86_64-linux-gnu/libopenjp2.so.2.1.2
7fd3a03d6000-7fd3a05d5000 ---p 0003a000 08:05 5375547                    /usr/lib/x86_64-linux-gnu/libopenjp2.so.2.1.2
7fd3a05d5000-7fd3a05d6000 r--p 00039000 08:05 5375547                    /usr/lib/x86_64-linux-gnu/libopenjp2.so.2.1.2
7fd3a05d6000-7fd3a05d7000 rw-p 0003a000 08:05 5375547                    /usr/lib/x86_64-linux-gnu/libopenjp2.so.2.1.2
7fd3a05d7000-7fd3a0630000 r-xp 00000000 08:05 5383347                    /usr/lib/x86_64-linux-gnu/libwebp.so.5.0.4
7fd3a0630000-7fd3a0830000 ---p 00059000 08:05 5383347                    /usr/lib/x86_64-linux-gnu/libwebp.so.5.0.4
7fd3a0830000-7fd3a0831000 r--p 00059000 08:05 5383347                    /usr/lib/x86_64-linux-gnu/libwebp.so.5.0.4
7fd3a0831000-7fd3a0833000 rw-p 0005a000 08:05 5383347                    /usr/lib/x86_64-linux-gnu/libwebp.so.5.0.4
7fd3a0833000-7fd3a08a4000 r-xp 00000000 08:05 5379361                    /usr/lib/x86_64-linux-gnu/libtiff.so.5.2.4
7fd3a08a4000-7fd3a0aa4000 ---p 00071000 08:05 5379361                    /usr/lib/x86_64-linux-gnu/libtiff.so.5.2.4
7fd3a0aa4000-7fd3a0aa5000 r--p 00071000 08:05 5379361                    /usr/lib/x86_64-linux-gnu/libtiff.so.5.2.4
7fd3a0aa5000-7fd3a0aa8000 rw-p 00072000 08:05 5379361                    /usr/lib/x86_64-linux-gnu/libtiff.so.5.2.4
7fd3a0aa8000-7fd3a0aff000 r-xp 00000000 08:05 5376028                    /usr/lib/x86_64-linux-gnu/libjpeg.so.8.0.2
7fd3a0aff000-7fd3a0cff000 ---p 00057000 08:05 5376028                    /usr/lib/x86_64-linux-gnu/libjpeg.so.8.0.2
7fd3a0cff000-7fd3a0d00000 r--p 00057000 08:05 5376028                    /usr/lib/x86_64-linux-gnu/libjpeg.so.8.0.2
7fd3a0d00000-7fd3a0d01000 rw-p 00058000 08:05 5376028                    /usr/lib/x86_64-linux-gnu/libjpeg.so.8.0.2
7fd3a0d01000-7fd3a0d25000 r-xp 00000000 08:05 3677123                    /lib/x86_64-linux-gnu/libpng12.so.0.54.0
7fd3a0d25000-7fd3a0f24000 ---p 00024000 08:05 3677123                    /lib/x86_64-linux-gnu/libpng12.so.0.54.0
7fd3a0f24000-7fd3a0f25000 r--p 00023000 08:05 3677123                    /lib/x86_64-linux-gnu/libpng12.so.0.54.0
7fd3a0f25000-7fd3a0f26000 rw-p 00024000 08:05 3677123                    /lib/x86_64-linux-gnu/libpng12.so.0.54.0
7fd3a0f26000-7fd3a1163000 r-xp 00000000 08:05 5382892                    /usr/lib/liblept.so.5.0.0
7fd3a1163000-7fd3a1362000 ---p 0023d000 08:05 5382892                    /usr/lib/liblept.so.5.0.0
7fd3a1362000-7fd3a1363000 r--p 0023c000 08:05 5382892                    /usr/lib/liblept.so.5.0.0
7fd3a1363000-7fd3a1369000 rw-p 0023d000 08:05 5382892                    /usr/lib/liblept.so.5.0.0
7fd3a1369000-7fd3a1652000 r-xp 00000000 08:05 5382894                    /usr/lib/libtesseract.so.3.0.4
7fd3a1652000-7fd3a1852000 ---p 002e9000 08:05 5382894                    /usr/lib/libtesseract.so.3.0.4
7fd3a1852000-7fd3a1856000 r--p 002e9000 08:05 5382894                    /usr/lib/libtesseract.so.3.0.4
7fd3a1856000-7fd3a1857000 rw-p 002ed000 08:05 5382894                    /usr/lib/libtesseract.so.3.0.4
7fd3a1857000-7fd3a1aeb000 rw-p 00000000 00:00 0 
7fd3a1aeb000-7fd3a1b02000 r-xp 00000000 08:05 305266                     /tmp/jna--1266646104/jna7142210736722196326.tmp (deleted)
7fd3a1b02000-7fd3a1c01000 ---p 00017000 08:05 305266                     /tmp/jna--1266646104/jna7142210736722196326.tmp (deleted)
7fd3a1c01000-7fd3a1c03000 rw-p 00016000 08:05 305266                     /tmp/jna--1266646104/jna7142210736722196326.tmp (deleted)
7fd3a1c03000-7fd3a1d83000 rw-p 00000000 00:00 0 
7fd3a1d83000-7fd3a1e03000 ---p 00000000 00:00 0 
7fd3a1e03000-7fd3a1e08000 r-xp 00000000 08:05 5382036                    /usr/lib/x86_64-linux-gnu/libXdmcp.so.6.0.0
7fd3a1e08000-7fd3a2007000 ---p 00005000 08:05 5382036                    /usr/lib/x86_64-linux-gnu/libXdmcp.so.6.0.0
7fd3a2007000-7fd3a2008000 r--p 00004000 08:05 5382036                    /usr/lib/x86_64-linux-gnu/libXdmcp.so.6.0.0
7fd3a2008000-7fd3a2009000 rw-p 00005000 08:05 5382036                    /usr/lib/x86_64-linux-gnu/libXdmcp.so.6.0.0
7fd3a2009000-7fd3a200b000 r-xp 00000000 08:05 5382025                    /usr/lib/x86_64-linux-gnu/libXau.so.6.0.0
7fd3a200b000-7fd3a220b000 ---p 00002000 08:05 5382025                    /usr/lib/x86_64-linux-gnu/libXau.so.6.0.0
7fd3a220b000-7fd3a220c000 r--p 00002000 08:05 5382025                    /usr/lib/x86_64-linux-gnu/libXau.so.6.0.0
7fd3a220c000-7fd3a220d000 rw-p 00003000 08:05 5382025                    /usr/lib/x86_64-linux-gnu/libXau.so.6.0.0
7fd3a220d000-7fd3a222e000 r-xp 00000000 08:05 5383445                    /usr/lib/x86_64-linux-gnu/libxcb.so.1.1.0
7fd3a222e000-7fd3a242d000 ---p 00021000 08:05 5383445                    /usr/lib/x86_64-linux-gnu/libxcb.so.1.1.0
7fd3a242d000-7fd3a242e000 r--p 00020000 08:05 5383445                    /usr/lib/x86_64-linux-gnu/libxcb.so.1.1.0
7fd3a242e000-7fd3a242f000 rw-p 00021000 08:05 5383445                    /usr/lib/x86_64-linux-gnu/libxcb.so.1.1.0
7fd3a242f000-7fd3a243e000 r-xp 00000000 08:05 5382048                    /usr/lib/x86_64-linux-gnu/libXi.so.6.1.0
7fd3a243e000-7fd3a263d000 ---p 0000f000 08:05 5382048                    /usr/lib/x86_64-linux-gnu/libXi.so.6.1.0
7fd3a263d000-7fd3a263e000 r--p 0000e000 08:05 5382048                    /usr/lib/x86_64-linux-gnu/libXi.so.6.1.0
7fd3a263e000-7fd3a263f000 rw-p 0000f000 08:05 5382048                    /usr/lib/x86_64-linux-gnu/libXi.so.6.1.0
7fd3a263f000-7fd3a2644000 r-xp 00000000 08:05 5382066                    /usr/lib/x86_64-linux-gnu/libXtst.so.6.1.0
7fd3a2644000-7fd3a2843000 ---p 00005000 08:05 5382066                    /usr/lib/x86_64-linux-gnu/libXtst.so.6.1.0
7fd3a2843000-7fd3a2844000 r--p 00004000 08:05 5382066                    /usr/lib/x86_64-linux-gnu/libXtst.so.6.1.0
7fd3a2844000-7fd3a2845000 rw-p 00005000 08:05 5382066                    /usr/lib/x86_64-linux-gnu/libXtst.so.6.1.0
7fd3a2845000-7fd3a284e000 r-xp 00000000 08:05 5382060                    /usr/lib/x86_64-linux-gnu/libXrender.so.1.3.0
7fd3a284e000-7fd3a2a4d000 ---p 00009000 08:05 5382060                    /usr/lib/x86_64-linux-gnu/libXrender.so.1.3.0
7fd3a2a4d000-7fd3a2a4e000 r--p 00008000 08:05 5382060                    /usr/lib/x86_64-linux-gnu/libXrender.so.1.3.0
7fd3a2a4e000-7fd3a2a4f000 rw-p 00009000 08:05 5382060                    /usr/lib/x86_64-linux-gnu/libXrender.so.1.3.0
7fd3a2a4f000-7fd3a2b84000 r-xp 00000000 08:05 5375392                    /usr/lib/x86_64-linux-gnu/libX11.so.6.3.0
7fd3a2b84000-7fd3a2d84000 ---p 00135000 08:05 5375392                    /usr/lib/x86_64-linux-gnu/libX11.so.6.3.0
7fd3a2d84000-7fd3a2d85000 r--p 00135000 08:05 5375392                    /usr/lib/x86_64-linux-gnu/libX11.so.6.3.0
7fd3a2d85000-7fd3a2d89000 rw-p 00136000 08:05 5375392                    /usr/lib/x86_64-linux-gnu/libX11.so.6.3.0
7fd3a2d89000-7fd3a2d9a000 r-xp 00000000 08:05 5382038                    /usr/lib/x86_64-linux-gnu/libXext.so.6.4.0
7fd3a2d9a000-7fd3a2f99000 ---p 00011000 08:05 5382038                    /usr/lib/x86_64-linux-gnu/libXext.so.6.4.0
7fd3a2f99000-7fd3a2f9a000 r--p 00010000 08:05 5382038                    /usr/lib/x86_64-linux-gnu/libXext.so.6.4.0
7fd3a2f9a000-7fd3a2f9b000 rw-p 00011000 08:05 5382038                    /usr/lib/x86_64-linux-gnu/libXext.so.6.4.0
7fd3a2fb9000-7fd3a300e000 r-xp 00000000 08:05 5393340                    /usr/lib/jvm/java-8-openjdk-amd64/jre/lib/amd64/libawt_xawt.so
7fd3a300e000-7fd3a320d000 ---p 00055000 08:05 5393340                    /usr/lib/jvm/java-8-openjdk-amd64/jre/lib/amd64/libawt_xawt.so
7fd3a320d000-7fd3a320e000 r--p 00054000 08:05 5393340                    /usr/lib/jvm/java-8-openjdk-amd64/jre/lib/amd64/libawt_xawt.so
7fd3a320e000-7fd3a3211000 rw-p 00055000 08:05 5393340                    /usr/lib/jvm/java-8-openjdk-amd64/jre/lib/amd64/libawt_xawt.so
7fd3a3211000-7fd3a3212000 rw-p 00000000 00:00 0 
7fd3a3212000-7fd3a32b2000 r-xp 00000000 08:05 5393330                    /usr/lib/jvm/java-8-openjdk-amd64/jre/lib/amd64/libawt.so
7fd3a32b2000-7fd3a34b2000 ---p 000a0000 08:05 5393330                    /usr/lib/jvm/java-8-openjdk-amd64/jre/lib/amd64/libawt.so
7fd3a34b2000-7fd3a34b3000 r--p 000a0000 08:05 5393330                    /usr/lib/jvm/java-8-openjdk-amd64/jre/lib/amd64/libawt.so
7fd3a34b3000-7fd3a34be000 rw-p 000a1000 08:05 5393330                    /usr/lib/jvm/java-8-openjdk-amd64/jre/lib/amd64/libawt.so
7fd3a34be000-7fd3a34e3000 rw-p 00000000 00:00 0 
7fd3a34e3000-7fd3a34e8000 r--s 002f9000 08:05 5393296                    /usr/lib/jvm/java-8-openjdk-amd64/jre/lib/charsets.jar
7fd3a34e8000-7fd3a36e8000 rw-p 00000000 00:00 0 
7fd3a36e8000-7fd3a36eb000 ---p 00000000 00:00 0 
7fd3a36eb000-7fd3a37e9000 rw-p 00000000 00:00 0 
7fd3a37e9000-7fd3a37ec000 ---p 00000000 00:00 0 
7fd3a37ec000-7fd3a3aea000 rw-p 00000000 00:00 0 
7fd3a3aea000-7fd3a3aed000 ---p 00000000 00:00 0 
7fd3a3aed000-7fd3a3beb000 rw-p 00000000 00:00 0 
7fd3a3beb000-7fd3a3bee000 ---p 00000000 00:00 0 
7fd3a3bee000-7fd3a3cec000 rw-p 00000000 00:00 0 
7fd3a3cec000-7fd3a3cef000 ---p 00000000 00:00 0 
7fd3a3cef000-7fd3a3ded000 rw-p 00000000 00:00 0 
7fd3a3ded000-7fd3a3e00000 r--s 00346000 08:05 5400323                    /usr/lib/jvm/java-8-openjdk-amd64/jre/lib/resources.jar
7fd3a3e00000-7fd3a4000000 rw-p 00000000 00:00 0 
7fd3a4000000-7fd3a4021000 rw-p 00000000 00:00 0 
7fd3a4021000-7fd3a8000000 ---p 00000000 00:00 0 
7fd3a8000000-7fd3a8021000 rw-p 00000000 00:00 0 
7fd3a8021000-7fd3ac000000 ---p 00000000 00:00 0 
7fd3ac000000-7fd3ac410000 rw-p 00000000 00:00 0 
7fd3ac410000-7fd3b0000000 ---p 00000000 00:00 0 
7fd3b0000000-7fd3b0021000 rw-p 00000000 00:00 0 
7fd3b0021000-7fd3b4000000 ---p 00000000 00:00 0 
7fd3b4000000-7fd3b4021000 rw-p 00000000 00:00 0 
7fd3b4021000-7fd3b8000000 ---p 00000000 00:00 0 
7fd3b8000000-7fd3b845d000 rw-p 00000000 00:00 0 
7fd3b845d000-7fd3bc000000 ---p 00000000 00:00 0 
7fd3bc000000-7fd3bc021000 rw-p 00000000 00:00 0 
7fd3bc021000-7fd3c0000000 ---p 00000000 00:00 0 
7fd3c0000000-7fd3c04d8000 rw-p 00000000 00:00 0 
7fd3c04d8000-7fd3c4000000 ---p 00000000 00:00 0 
7fd3c4000000-7fd3c4021000 rw-p 00000000 00:00 0 
7fd3c4021000-7fd3c8000000 ---p 00000000 00:00 0 
7fd3c8000000-7fd3c8021000 rw-p 00000000 00:00 0 
7fd3c8021000-7fd3cc000000 ---p 00000000 00:00 0 
7fd3cc000000-7fd3cc021000 rw-p 00000000 00:00 0 
7fd3cc021000-7fd3d0000000 ---p 00000000 00:00 0 
7fd3d0000000-7fd3d0021000 rw-p 00000000 00:00 0 
7fd3d0021000-7fd3d4000000 ---p 00000000 00:00 0 
7fd3d4000000-7fd3d4021000 rw-p 00000000 00:00 0 
7fd3d4021000-7fd3d8000000 ---p 00000000 00:00 0 
7fd3d8002000-7fd3d802a000 r-xp 00000000 08:05 5400319                    /usr/lib/jvm/java-8-openjdk-amd64/jre/lib/amd64/libsunec.so
7fd3d802a000-7fd3d822a000 ---p 00028000 08:05 5400319                    /usr/lib/jvm/java-8-openjdk-amd64/jre/lib/amd64/libsunec.so
7fd3d822a000-7fd3d822e000 r--p 00028000 08:05 5400319                    /usr/lib/jvm/java-8-openjdk-amd64/jre/lib/amd64/libsunec.so
7fd3d822e000-7fd3d822f000 rw-p 0002c000 08:05 5400319                    /usr/lib/jvm/java-8-openjdk-amd64/jre/lib/amd64/libsunec.so
7fd3d822f000-7fd3d8240000 r-xp 00000000 08:05 5400320                    /usr/lib/jvm/java-8-openjdk-amd64/jre/lib/amd64/libnio.so
7fd3d8240000-7fd3d8440000 ---p 00011000 08:05 5400320                    /usr/lib/jvm/java-8-openjdk-amd64/jre/lib/amd64/libnio.so
7fd3d8440000-7fd3d8441000 r--p 00011000 08:05 5400320                    /usr/lib/jvm/java-8-openjdk-amd64/jre/lib/amd64/libnio.so
7fd3d8441000-7fd3d8442000 rw-p 00012000 08:05 5400320                    /usr/lib/jvm/java-8-openjdk-amd64/jre/lib/amd64/libnio.so
7fd3d8442000-7fd3d8444000 r--s 00016000 08:05 5393321                    /usr/lib/jvm/java-8-openjdk-amd64/jre/lib/jce.jar
7fd3d8444000-7fd3d8644000 rw-p 00000000 00:00 0 
7fd3d8644000-7fd3d8844000 rw-p 00000000 00:00 0 
7fd3d8844000-7fd3d8849000 r--s 000a0000 08:05 5400324                    /usr/lib/jvm/java-8-openjdk-amd64/jre/lib/jsse.jar
7fd3d8849000-7fd3d884c000 ---p 00000000 00:00 0 
7fd3d884c000-7fd3db94b000 rw-p 00000000 00:00 0 
7fd3db94b000-7fd3db962000 r-xp 00000000 08:05 5393333                    /usr/lib/jvm/java-8-openjdk-amd64/jre/lib/amd64/libnet.so
7fd3db962000-7fd3dbb61000 ---p 00017000 08:05 5393333                    /usr/lib/jvm/java-8-openjdk-amd64/jre/lib/amd64/libnet.so
7fd3dbb61000-7fd3dbb62000 r--p 00016000 08:05 5393333                    /usr/lib/jvm/java-8-openjdk-amd64/jre/lib/amd64/libnet.so
7fd3dbb62000-7fd3dbb63000 rw-p 00017000 08:05 5393333                    /usr/lib/jvm/java-8-openjdk-amd64/jre/lib/amd64/libnet.so
7fd3dbb63000-7fd3dbb65000 r--s 00004000 08:05 10494539                   /home/jagadeesh/.m2/repository/org/slf4j/log4j-over-slf4j/1.7.25/log4j-over-slf4j-1.7.25.jar
7fd3dbb65000-7fd3dbb67000 r--s 00003000 08:05 10494537                   /home/jagadeesh/.m2/repository/org/slf4j/jcl-over-slf4j/1.7.25/jcl-over-slf4j-1.7.25.jar
7fd3dbb67000-7fd3dbb69000 r--s 00000000 08:05 10494535                   /home/jagadeesh/.m2/repository/org/slf4j/jul-to-slf4j/1.7.25/jul-to-slf4j-1.7.25.jar
7fd3dbb69000-7fd3dbb6b000 r--s 00009000 08:05 10757526                   /home/jagadeesh/.m2/repository/org/slf4j/slf4j-api/1.7.25/slf4j-api-1.7.25.jar
7fd3dbb6b000-7fd3dbb76000 r--s 00069000 08:05 9052438                    /home/jagadeesh/.m2/repository/ch/qos/logback/logback-core/1.2.3/logback-core-1.2.3.jar
7fd3dbb76000-7fd3dbb7c000 r--s 00041000 08:05 9052436                    /home/jagadeesh/.m2/repository/ch/qos/logback/logback-classic/1.2.3/logback-classic-1.2.3.jar
7fd3dbb7c000-7fd3dbb7e000 r--s 0000c000 08:05 9052434                    /home/jagadeesh/.m2/repository/org/jboss/logging/jboss-logging/3.1.4.GA/jboss-logging-3.1.4.GA.jar
7fd3dbb7e000-7fd3dbb82000 r--s 00020000 08:05 9052432                    /home/jagadeesh/.m2/repository/org/jboss/jboss-vfs/3.2.12.Final/jboss-vfs-3.2.12.Final.jar
7fd3dbb82000-7fd3dbb88000 r--s 00315000 08:05 14025520                   /home/jagadeesh/.m2/repository/net/sourceforge/lept4j/lept4j/1.6.3/lept4j-1.6.3.jar
7fd3dbb88000-7fd3dbb94000 r--s 00108000 08:05 10494476                   /home/jagadeesh/.m2/repository/com/lowagie/itext/2.1.7/itext-2.1.7.jar
7fd3dbb94000-7fd3dbb9e000 r--s 00081000 08:05 9052152                    /home/jagadeesh/.m2/repository/org/apache/xmlgraphics/xmlgraphics-commons/1.4/xmlgraphics-commons-1.4.jar
7fd3dbb9e000-7fd3dbba7000 r--s 0006f000 08:05 10494533                   /home/jagadeesh/.m2/repository/log4j/log4j/1.2.17/log4j-1.2.17.jar
7fd3dbba7000-7fd3dbbac000 r--s 00028000 08:05 9052430                    /home/jagadeesh/.m2/repository/org/ghost4j/ghost4j/1.0.1/ghost4j-1.0.1.jar
7fd3dbbac000-7fd3dbbb7000 r--s 00088000 08:05 10881805                   /home/jagadeesh/.m2/repository/com/github/jai-imageio/jai-imageio-core/1.3.1/jai-imageio-core-1.3.1.jar
7fd3dbbb7000-7fd3dbbbb000 r--s 000dc000 08:05 272326                     /home/jagadeesh/.m2/repository/net/java/dev/jna/jna/4.1.0/jna-4.1.0.jar
7fd3dbbbb000-7fd3dbbbe000 r--s 02525000 08:05 14025518                   /home/jagadeesh/.m2/repository/net/sourceforge/tess4j/tess4j/3.4.4/tess4j-3.4.4.jar
7fd3dbbbe000-7fd3dbbce000 r--s 000a7000 08:05 10881747                   /home/jagadeesh/.m2/repository/org/mongodb/mongodb-driver-core/3.0.4/mongodb-driver-core-3.0.4.jar
7fd3dbbce000-7fd3dbbd3000 r--s 00032000 08:05 10881744                   /home/jagadeesh/.m2/repository/org/mongodb/bson/3.0.4/bson-3.0.4.jar
7fd3dbbd3000-7fd3dbbd9000 r--s 00048000 08:05 10881741                   /home/jagadeesh/.m2/repository/org/mongodb/mongodb-driver/3.0.4/mongodb-driver-3.0.4.jar
7fd3dbbd9000-7fd3dbbf1000 r--s 00132000 08:05 10757529                   /home/jagadeesh/.m2/repository/org/freemarker/freemarker/2.3.23/freemarker-2.3.23.jar
7fd3dbbf1000-7fd3dbbf6000 r--s 004ef000 08:05 9835835                    /home/jagadeesh/.m2/repository/org/xerial/sqlite-jdbc/3.8.11.1/sqlite-jdbc-3.8.11.1.jar
7fd3dbbf6000-7fd3dbbfc000 r--s 00047000 08:05 10881737                   /home/jagadeesh/.m2/repository/org/jsoup/jsoup/1.8.3/jsoup-1.8.3.jar
7fd3dbbfc000-7fd3dbc00000 r--s 001b1000 08:05 10881733                   /home/jagadeesh/.m2/repository/com/relevantcodes/extentreports/2.41.2/extentreports-2.41.2.jar
7fd3dbc00000-7fd3dbc05000 r--s 0005a000 08:05 9437849                    /home/jagadeesh/.m2/repository/org/apache-extras/beanshell/bsh/2.0b6/bsh-2.0b6.jar
7fd3dbc05000-7fd3dbc1a000 r--s 000b9000 08:05 131117                     /home/jagadeesh/.m2/repository/org/testng/testng/6.14.3/testng-6.14.3.jar
7fd3dbc1a000-7fd3dbc1c000 r--s 00001000 08:05 9837109                    /home/jagadeesh/.m2/repository/org/glassfish/grizzly/grizzly-rcm/2.3.3/grizzly-rcm-2.3.3.jar
7fd3dbc1c000-7fd3dbc21000 r--s 00047000 08:05 9837107                    /home/jagadeesh/.m2/repository/org/glassfish/grizzly/grizzly-http/2.3.3/grizzly-http-2.3.3.jar
7fd3dbc21000-7fd3dbc25000 r--s 0002c000 08:05 9837105                    /home/jagadeesh/.m2/repository/org/glassfish/grizzly/grizzly-http-server/2.3.3/grizzly-http-server-2.3.3.jar
7fd3dbc25000-7fd3dbc35000 r--s 000b1000 08:05 9837103                    /home/jagadeesh/.m2/repository/org/glassfish/grizzly/grizzly-framework/2.3.3/grizzly-framework-2.3.3.jar
7fd3dbc35000-7fd3dbc37000 r--s 00006000 08:05 9837101                    /home/jagadeesh/.m2/repository/org/glassfish/tyrus/tyrus-container-grizzly/1.2.1/tyrus-container-grizzly-1.2.1.jar
7fd3dbc37000-7fd3dbc39000 r--s 00002000 08:05 9837099                    /home/jagadeesh/.m2/repository/org/glassfish/tyrus/tyrus-spi/1.13.1/tyrus-spi-1.13.1.jar
7fd3dbc39000-7fd3dbc40000 r--s 00057000 08:05 9837097                    /home/jagadeesh/.m2/repository/org/glassfish/tyrus/tyrus-core/1.13.1/tyrus-core-1.13.1.jar
7fd3dbc40000-7fd3dbc42000 r--s 00010000 08:05 9837095                    /home/jagadeesh/.m2/repository/org/glassfish/tyrus/tyrus-client/1.13.1/tyrus-client-1.13.1.jar
7fd3dbc42000-7fd3dbc44000 r--s 00007000 08:05 10617918                   /home/jagadeesh/.m2/repository/javax/websocket/javax.websocket-api/1.1/javax.websocket-api-1.1.jar
7fd3dbc44000-7fd3dbc48000 r--s 03eb1000 08:05 2102982                    /home/jagadeesh/.m2/repository/org/openpnp/opencv/3.2.0-1/opencv-3.2.0-1.jar
7fd3dbc48000-7fd3dbc62000 r--s 001d7000 08:05 2242077                    /home/jagadeesh/.m2/repository/org/aspectj/aspectjweaver/1.9.1/aspectjweaver-1.9.1.jar
7fd3dbc62000-7fd3dbc67000 r--s 0003f000 08:05 2099050                    /home/jagadeesh/.m2/repository/org/springframework/spring-expression/5.0.5.RELEASE/spring-expression-5.0.5.RELEASE.jar
7fd3dbc67000-7fd3dbc69000 r--s 00004000 08:05 2099048                    /home/jagadeesh/.m2/repository/org/springframework/spring-jcl/5.0.5.RELEASE/spring-jcl-5.0.5.RELEASE.jar
7fd3dbc69000-7fd3dbc81000 r--s 00114000 08:05 1844512                    /home/jagadeesh/.m2/repository/org/springframework/spring-core/5.0.5.RELEASE/spring-core-5.0.5.RELEASE.jar
7fd3dbc81000-7fd3dbc8e000 r--s 00095000 08:05 1320383                    /home/jagadeesh/.m2/repository/org/springframework/spring-beans/5.0.5.RELEASE/spring-beans-5.0.5.RELEASE.jar
7fd3dbc8e000-7fd3dbc97000 r--s 00051000 08:05 663628                     /home/jagadeesh/.m2/repository/org/springframework/spring-aop/5.0.5.RELEASE/spring-aop-5.0.5.RELEASE.jar
7fd3dbc97000-7fd3dbcb1000 r--s 000f1000 08:05 9590019                    /home/jagadeesh/.m2/repository/org/springframework/spring-context/5.0.5.RELEASE/spring-context-5.0.5.RELEASE.jar
7fd3dbcb1000-7fd3dbcbe000 r--s 00083000 08:05 271670                     /home/jagadeesh/.m2/repository/commons-collections/commons-collections/3.2.2/commons-collections-3.2.2.jar
7fd3dbcbe000-7fd3dbcc2000 r--s 00020000 08:05 8686                       /home/jagadeesh/.m2/repository/commons-digester/commons-digester/1.8.1/commons-digester-1.8.1.jar
7fd3dbcc2000-7fd3dbcc7000 r--s 00035000 08:05 14161262                   /home/jagadeesh/.m2/repository/commons-beanutils/commons-beanutils/1.9.2/commons-beanutils-1.9.2.jar
7fd3dbcc7000-7fd3dbccb000 r--s 0002a000 08:05 14030055                   /home/jagadeesh/.m2/repository/commons-validator/commons-validator/1.6/commons-validator-1.6.jar
7fd3dbccb000-7fd3dbccc000 r--s 00004000 08:05 10103082                   /home/jagadeesh/.m2/repository/org/apache/ant/ant-launcher/1.9.6/ant-launcher-1.9.6.jar
7fd3dbccc000-7fd3dbceb000 r--s 001d1000 08:05 9835404                    /home/jagadeesh/.m2/repository/org/apache/ant/ant/1.9.6/ant-1.9.6.jar
7fd3dbceb000-7fd3dbced000 r--s 00016000 08:05 10494516                   /home/jagadeesh/.m2/repository/org/ow2/asm/asm/6.0/asm-6.0.jar
7fd3dbced000-7fd3dbcf4000 r--s 00043000 08:05 12851595                   /home/jagadeesh/.m2/repository/cglib/cglib/3.2.6/cglib-3.2.6.jar
7fd3dbcf4000-7fd3dbcf9000 r--s 00036000 08:05 12204442                   /home/jagadeesh/.m2/repository/com/google/code/gson/gson/2.8.4/gson-2.8.4.jar
7fd3dbcf9000-7fd3dbd02000 r--s 0004e000 08:05 2099046                    /home/jagadeesh/.m2/repository/io/appium/java-client/6.0.0/java-client-6.0.0.jar
7fd3dbd02000-7fd3dbd09000 r--s 00042000 08:05 1320281                    /home/jagadeesh/.m2/repository/org/yaml/snakeyaml/1.19/snakeyaml-1.19.jar
7fd3dbd09000-7fd3dbd12000 r--s 0002d000 08:05 132316                     /home/jagadeesh/.m2/repository/xml-apis/xml-apis/1.4.01/xml-apis-1.4.01.jar
7fd3dbd12000-7fd3dbd2b000 r--s 00135000 08:05 132314                     /home/jagadeesh/.m2/repository/xerces/xercesImpl/2.11.0/xercesImpl-2.11.0.jar
7fd3dbd2b000-7fd3dbd50000 r--s 002de000 08:05 14161073                   /home/jagadeesh/.m2/repository/xalan/xalan/2.7.2/xalan-2.7.2.jar
7fd3dbd50000-7fd3dbd54000 r--s 00040000 08:05 14161071                   /home/jagadeesh/.m2/repository/xalan/serializer/2.7.2/serializer-2.7.2.jar
7fd3dbd54000-7fd3dbd58000 r--s 0002c000 08:05 13773967                   /home/jagadeesh/.m2/repository/org/eclipse/jetty/websocket/websocket-common/9.4.8.v20180619/websocket-common-9.4.8.v20180619.jar
7fd3dbd58000-7fd3dbd5a000 r--s 00007000 08:05 13773965                   /home/jagadeesh/.m2/repository/org/eclipse/jetty/websocket/websocket-client/9.4.8.v20180619/websocket-client-9.4.8.v20180619.jar
7fd3dbd5a000-7fd3dbd5d000 r--s 00008000 08:05 13773963                   /home/jagadeesh/.m2/repository/org/eclipse/jetty/websocket/websocket-api/9.4.8.v20180619/websocket-api-9.4.8.v20180619.jar
7fd3dbd5d000-7fd3dbd60000 r--s 00015000 08:05 13505801                   /home/jagadeesh/.m2/repository/javax/servlet/javax.servlet-api/3.1.0/javax.servlet-api-3.1.0.jar
7fd3dbd60000-7fd3dbd62000 r--s 00010000 08:05 13637398                   /home/jagadeesh/.m2/repository/org/seleniumhq/selenium/htmlunit-driver/2.30.0/htmlunit-driver-2.30.0.jar
7fd3dbd62000-7fd3dbd63000 r--s 0000c000 08:05 13637396                   /home/jagadeesh/.m2/repository/org/eclipse/jetty/jetty-xml/9.4.8.v20180619/jetty-xml-9.4.8.v20180619.jar
7fd3dbd63000-7fd3dbd6b000 r--s 0006e000 08:05 405605                     /home/jagadeesh/.m2/repository/org/eclipse/jetty/jetty-util/9.4.8.v20180619/jetty-util-9.4.8.v20180619.jar
7fd3dbd6b000-7fd3dbd6e000 r--s 0001d000 08:05 661967                     /home/jagadeesh/.m2/repository/org/eclipse/jetty/jetty-io/9.4.8.v20180619/jetty-io-9.4.8.v20180619.jar
7fd3dbd6e000-7fd3dbd71000 r--s 00026000 08:05 405603                     /home/jagadeesh/.m2/repository/org/eclipse/jetty/jetty-http/9.4.8.v20180619/jetty-http-9.4.8.v20180619.jar
7fd3dbd71000-7fd3dbd77000 r--s 0003e000 08:05 13505799                   /home/jagadeesh/.m2/repository/org/eclipse/jetty/jetty-client/9.4.8.v20180619/jetty-client-9.4.8.v20180619.jar
7fd3dbd77000-7fd3dbd8f000 r--s 0017b000 08:05 13505797                   /home/jagadeesh/.m2/repository/org/seleniumhq/selenium/jetty-repacked/9.4.8.v20180619/jetty-repacked-9.4.8.v20180619.jar
7fd3dbd8f000-7fd3dbd90000 r--s 00000000 08:05 13505795                   /home/jagadeesh/.m2/repository/net/jcip/jcip-annotations/1.0/jcip-annotations-1.0.jar
7fd3dbd90000-7fd3dbd92000 r--s 00009000 08:05 140664                     /home/jagadeesh/.m2/repository/org/apache/httpcomponents/httpmime/4.5.5/httpmime-4.5.5.jar
7fd3dbd92000-7fd3dbd94000 r--s 0001d000 08:05 14029995                   /home/jagadeesh/.m2/repository/net/sourceforge/htmlunit/neko-htmlunit/2.30/neko-htmlunit-2.30.jar
7fd3dbd94000-7fd3dbd98000 r--s 00030000 08:05 14029993                   /home/jagadeesh/.m2/repository/net/sourceforge/htmlunit/htmlunit-cssparser/1.0.0/htmlunit-cssparser-1.0.0.jar
7fd3dbd98000-7fd3dbda6000 r--s 00125000 08:05 140662                     /home/jagadeesh/.m2/repository/net/sourceforge/htmlunit/htmlunit-core-js/2.28/htmlunit-core-js-2.28.jar
7fd3dbda6000-7fd3dbdce000 r--s 001cc000 08:05 14161069                   /home/jagadeesh/.m2/repository/net/sourceforge/htmlunit/htmlunit/2.30/htmlunit-2.30.jar
7fd3dbdce000-7fd3dbdd4000 r--s 00046000 08:05 9713636                    /home/jagadeesh/.m2/repository/commons-net/commons-net/3.6/commons-net-3.6.jar
7fd3dbdd4000-7fd3dbdd8000 r--s 00031000 08:05 13251550                   /home/jagadeesh/.m2/repository/commons-io/commons-io/2.6/commons-io-2.6.jar
7fd3dbdd8000-7fd3dbddb000 r--s 0001d000 08:05 13251548                   /home/jagadeesh/.m2/repository/org/apache/commons/commons-text/1.1/commons-text-1.1.jar
7fd3dbddb000-7fd3dbde3000 r--s 00072000 08:05 13251546                   /home/jagadeesh/.m2/repository/org/apache/commons/commons-lang3/3.7/commons-lang3-3.7.jar
7fd3dbde3000-7fd3dbde5000 r--s 0000f000 08:05 140660                     /home/jagadeesh/.m2/repository/com/beust/jcommander/1.72/jcommander-1.72.jar
7fd3dbde5000-7fd3dbdf0000 r--s 00089000 08:05 13251544                   /home/jagadeesh/.m2/repository/org/seleniumhq/selenium/selenium-server/3.14.0/selenium-server-3.14.0.jar
7fd3dbdf0000-7fd3dbdfe000 r--s 000ae000 08:05 12988673                   /home/jagadeesh/.m2/repository/org/apache/httpcomponents/httpclient/4.5.5/httpclient-4.5.5.jar
7fd3dbdfe000-7fd3dbdff000 ---p 00000000 00:00 0 
7fd3dbdff000-7fd3dbeff000 rw-p 00000000 00:00 0 
7fd3dbeff000-7fd3dbf02000 ---p 00000000 00:00 0 
7fd3dbf02000-7fd3dc000000 rw-p 00000000 00:00 0 
7fd3dc000000-7fd3dc021000 rw-p 00000000 00:00 0 
7fd3dc021000-7fd3e0000000 ---p 00000000 00:00 0 
7fd3e0000000-7fd3e0001000 r--s 00014000 08:05 13118280                   /home/jagadeesh/.m2/repository/com/squareup/okio/okio/1.14.1/okio-1.14.1.jar
7fd3e0001000-7fd3e0006000 r--s 00060000 08:05 13118278                   /home/jagadeesh/.m2/repository/com/squareup/okhttp3/okhttp/3.10.0/okhttp-3.10.0.jar
7fd3e0006000-7fd3e000d000 r--s 00049000 08:05 12988704                   /home/jagadeesh/.m2/repository/org/apache/httpcomponents/httpcore/4.4.9/httpcore-4.4.9.jar
7fd3e000d000-7fd3e000e000 r--s 00000000 08:05 9835308                    /home/jagadeesh/.m2/repository/org/codehaus/mojo/animal-sniffer-annotations/1.14/animal-sniffer-annotations-1.14.jar
7fd3e000e000-7fd3e0010000 r--s 00001000 08:05 12722783                   /home/jagadeesh/.m2/repository/com/google/j2objc/j2objc-annotations/1.1/j2objc-annotations-1.1.jar
7fd3e0010000-7fd3e0012000 r--s 00002000 08:05 12988716                   /home/jagadeesh/.m2/repository/com/google/errorprone/error_prone_annotations/2.1.3/error_prone_annotations-2.1.3.jar
7fd3e0012000-7fd3e0014000 r--s 00006000 08:05 9704931                    /home/jagadeesh/.m2/repository/org/checkerframework/checker-compat-qual/2.0.0/checker-compat-qual-2.0.0.jar
7fd3e0014000-7fd3e0017000 r--s 00006000 08:05 11930611                   /home/jagadeesh/.m2/repository/com/google/code/findbugs/jsr305/1.3.9/jsr305-1.3.9.jar
7fd3e0017000-7fd3e0049000 r--s 0026b000 08:05 12851276                   /home/jagadeesh/.m2/repository/com/google/guava/guava/25.0-jre/guava-25.0-jre.jar
7fd3e0049000-7fd3e004b000 r--s 0000e000 08:05 12855580                   /home/jagadeesh/.m2/repository/commons-logging/commons-logging/1.2/commons-logging-1.2.jar
7fd3e004b000-7fd3e0052000 r--s 0003f000 08:05 12855578                   /home/jagadeesh/.m2/repository/commons-codec/commons-codec/1.10/commons-codec-1.10.jar
7fd3e0052000-7fd3e0054000 r--s 0000c000 08:05 12855528                   /home/jagadeesh/.m2/repository/org/apache/commons/commons-exec/1.3/commons-exec-1.3.jar
7fd3e0054000-7fd3e0094000 r--s 0029a000 08:05 12855490                   /home/jagadeesh/.m2/repository/net/bytebuddy/byte-buddy/1.8.15/byte-buddy-1.8.15.jar
7fd3e0094000-7fd3e0099000 r--s 00022000 08:05 140634                     /home/jagadeesh/.m2/repository/org/seleniumhq/selenium/selenium-support/3.14.0/selenium-support-3.14.0.jar
7fd3e0099000-7fd3e009a000 r--s 00002000 08:05 140632                     /home/jagadeesh/.m2/repository/org/seleniumhq/selenium/selenium-safari-driver/3.14.0/selenium-safari-driver-3.14.0.jar
7fd3e009a000-7fd3e00a0000 r--s 0004e000 08:05 12723094                   /home/jagadeesh/.m2/repository/org/seleniumhq/selenium/selenium-remote-driver/3.14.0/selenium-remote-driver-3.14.0.jar
7fd3e00a0000-7fd3e00a2000 r--s 00001000 08:05 13251508                   /home/jagadeesh/.m2/repository/org/seleniumhq/selenium/selenium-opera-driver/3.14.0/selenium-opera-driver-3.14.0.jar
7fd3e00a2000-7fd3e00a3000 r--s 00003000 08:05 140630                     /home/jagadeesh/.m2/repository/org/seleniumhq/selenium/selenium-ie-driver/3.14.0/selenium-ie-driver-3.14.0.jar
7fd3e00a3000-7fd3e00be000 r--s 001d6000 08:05 5393308                    /usr/lib/jvm/java-8-openjdk-amd64/jre/lib/ext/nashorn.jar
7fd3e00be000-7fd3e00d9000 r--s 00394000 08:05 5393314                    /usr/lib/jvm/java-8-openjdk-amd64/jre/lib/ext/cldrdata.jar
7fd3e00d9000-7fd3e00dc000 ---p 00000000 00:00 0 
7fd3e00dc000-7fd3e01da000 rw-p 00000000 00:00 0 
7fd3e01da000-7fd3e01dd000 ---p 00000000 00:00 0 
7fd3e01dd000-7fd3e02db000 rw-p 00000000 00:00 0 
7fd3e02db000-7fd3e02de000 ---p 00000000 00:00 0 
7fd3e02de000-7fd3e03dc000 rw-p 00000000 00:00 0 
7fd3e03dc000-7fd3e03df000 ---p 00000000 00:00 0 
7fd3e03df000-7fd3e04dd000 rw-p 00000000 00:00 0 
7fd3e04dd000-7fd3e0e9c000 r--p 00000000 08:05 5381110                    /usr/lib/locale/locale-archive
7fd3e0e9c000-7fd3e0e9f000 ---p 00000000 00:00 0 
7fd3e0e9f000-7fd3e0f9d000 rw-p 00000000 00:00 0 
7fd3e0f9d000-7fd3e0fa0000 ---p 00000000 00:00 0 
7fd3e0fa0000-7fd3e109e000 rw-p 00000000 00:00 0 
7fd3e109e000-7fd3e109f000 ---p 00000000 00:00 0 
7fd3e109f000-7fd3e5000000 rw-p 00000000 00:00 0 
7fd3e5000000-7fd3e5630000 rwxp 00000000 00:00 0 
7fd3e5630000-7fd3f4000000 ---p 00000000 00:00 0 
7fd3f4000000-7fd3f524d000 rw-p 00000000 00:00 0 
7fd3f524d000-7fd3f8000000 ---p 00000000 00:00 0 
7fd3f8000000-7fd3f8002000 r--s 000c3000 08:05 140628                     /home/jagadeesh/.m2/repository/org/seleniumhq/selenium/selenium-firefox-driver/3.14.0/selenium-firefox-driver-3.14.0.jar
7fd3f8002000-7fd3f8003000 r--s 00001000 08:05 13118276                   /home/jagadeesh/.m2/repository/org/seleniumhq/selenium/selenium-edge-driver/3.14.0/selenium-edge-driver-3.14.0.jar
7fd3f8003000-7fd3f8004000 r--s 00002000 08:05 12723092                   /home/jagadeesh/.m2/repository/org/seleniumhq/selenium/selenium-chrome-driver/3.14.0/selenium-chrome-driver-3.14.0.jar
7fd3f8004000-7fd3f800a000 r--s 00026000 08:05 12723090                   /home/jagadeesh/.m2/repository/org/seleniumhq/selenium/selenium-api/3.14.0/selenium-api-3.14.0.jar
7fd3f800a000-7fd3f800b000 r--s 00000000 08:05 12723088                   /home/jagadeesh/.m2/repository/org/seleniumhq/selenium/selenium-java/3.14.0/selenium-java-3.14.0.jar
7fd3f800b000-7fd3f800e000 r--s 0001b000 08:05 9448483                    /home/jagadeesh/.m2/repository/junit/junit/3.8.1/junit-3.8.1.jar
7fd3f800e000-7fd3f8eee000 rw-p 00000000 00:00 0 
7fd3f8eee000-7fd3f90bd000 r--s 03c33000 08:05 5393327                    /usr/lib/jvm/java-8-openjdk-amd64/jre/lib/rt.jar
7fd3f90bd000-7fd3f9d09000 rw-p 00000000 00:00 0 
7fd3f9d09000-7fd3f9d0a000 ---p 00000000 00:00 0 
7fd3f9d0a000-7fd3f9e0a000 rw-p 00000000 00:00 0 
7fd3f9e0a000-7fd3f9e0b000 ---p 00000000 00:00 0 
7fd3f9e0b000-7fd3f9f0b000 rw-p 00000000 00:00 0 
7fd3f9f0b000-7fd3f9f0c000 ---p 00000000 00:00 0 
7fd3f9f0c000-7fd3fa00c000 rw-p 00000000 00:00 0 
7fd3fa00c000-7fd3fa00d000 ---p 00000000 00:00 0 
7fd3fa00d000-7fd3fa140000 rw-p 00000000 00:00 0 
7fd3fa140000-7fd3fa39c000 ---p 00000000 00:00 0 
7fd3fa39c000-7fd3fa3cf000 rw-p 00000000 00:00 0 
7fd3fa3cf000-7fd3fa62a000 ---p 00000000 00:00 0 
7fd3fa62a000-7fd3fa66b000 rw-p 00000000 00:00 0 
7fd3fa66b000-7fd3fa772000 ---p 00000000 00:00 0 
7fd3fa772000-7fd3fa78c000 rw-p 00000000 00:00 0 
7fd3fa78c000-7fd3fab33000 ---p 00000000 00:00 0 
7fd3fab33000-7fd3fab3b000 r-xp 00000000 08:05 5393343                    /usr/lib/jvm/java-8-openjdk-amd64/jre/lib/amd64/libzip.so
7fd3fab3b000-7fd3fad3a000 ---p 00008000 08:05 5393343                    /usr/lib/jvm/java-8-openjdk-amd64/jre/lib/amd64/libzip.so
7fd3fad3a000-7fd3fad3b000 r--p 00007000 08:05 5393343                    /usr/lib/jvm/java-8-openjdk-amd64/jre/lib/amd64/libzip.so
7fd3fad3b000-7fd3fad3c000 rw-p 00008000 08:05 5393343                    /usr/lib/jvm/java-8-openjdk-amd64/jre/lib/amd64/libzip.so
7fd3fad3c000-7fd3fad47000 r-xp 00000000 08:05 3674672                    /lib/x86_64-linux-gnu/libnss_files-2.23.so
7fd3fad47000-7fd3faf46000 ---p 0000b000 08:05 3674672                    /lib/x86_64-linux-gnu/libnss_files-2.23.so
7fd3faf46000-7fd3faf47000 r--p 0000a000 08:05 3674672                    /lib/x86_64-linux-gnu/libnss_files-2.23.so
7fd3faf47000-7fd3faf48000 rw-p 0000b000 08:05 3674672                    /lib/x86_64-linux-gnu/libnss_files-2.23.so
7fd3faf48000-7fd3faf4e000 rw-p 00000000 00:00 0 
7fd3faf4e000-7fd3faf59000 r-xp 00000000 08:05 3674682                    /lib/x86_64-linux-gnu/libnss_nis-2.23.so
7fd3faf59000-7fd3fb158000 ---p 0000b000 08:05 3674682                    /lib/x86_64-linux-gnu/libnss_nis-2.23.so
7fd3fb158000-7fd3fb159000 r--p 0000a000 08:05 3674682                    /lib/x86_64-linux-gnu/libnss_nis-2.23.so
7fd3fb159000-7fd3fb15a000 rw-p 0000b000 08:05 3674682                    /lib/x86_64-linux-gnu/libnss_nis-2.23.so
7fd3fb15a000-7fd3fb170000 r-xp 00000000 08:05 3674666                    /lib/x86_64-linux-gnu/libnsl-2.23.so
7fd3fb170000-7fd3fb36f000 ---p 00016000 08:05 3674666                    /lib/x86_64-linux-gnu/libnsl-2.23.so
7fd3fb36f000-7fd3fb370000 r--p 00015000 08:05 3674666                    /lib/x86_64-linux-gnu/libnsl-2.23.so
7fd3fb370000-7fd3fb371000 rw-p 00016000 08:05 3674666                    /lib/x86_64-linux-gnu/libnsl-2.23.so
7fd3fb371000-7fd3fb373000 rw-p 00000000 00:00 0 
7fd3fb373000-7fd3fb37b000 r-xp 00000000 08:05 3674668                    /lib/x86_64-linux-gnu/libnss_compat-2.23.so
7fd3fb37b000-7fd3fb57a000 ---p 00008000 08:05 3674668                    /lib/x86_64-linux-gnu/libnss_compat-2.23.so
7fd3fb57a000-7fd3fb57b000 r--p 00007000 08:05 3674668                    /lib/x86_64-linux-gnu/libnss_compat-2.23.so
7fd3fb57b000-7fd3fb57c000 rw-p 00008000 08:05 3674668                    /lib/x86_64-linux-gnu/libnss_compat-2.23.so
7fd3fb57c000-7fd3fb5a9000 r-xp 00000000 08:05 5393347                    /usr/lib/jvm/java-8-openjdk-amd64/jre/lib/amd64/libjava.so
7fd3fb5a9000-7fd3fb7a8000 ---p 0002d000 08:05 5393347                    /usr/lib/jvm/java-8-openjdk-amd64/jre/lib/amd64/libjava.so
7fd3fb7a8000-7fd3fb7a9000 r--p 0002c000 08:05 5393347                    /usr/lib/jvm/java-8-openjdk-amd64/jre/lib/amd64/libjava.so
7fd3fb7a9000-7fd3fb7ab000 rw-p 0002d000 08:05 5393347                    /usr/lib/jvm/java-8-openjdk-amd64/jre/lib/amd64/libjava.so
7fd3fb7ab000-7fd3fb7ba000 r-xp 00000000 08:05 5393351                    /usr/lib/jvm/java-8-openjdk-amd64/jre/lib/amd64/libverify.so
7fd3fb7ba000-7fd3fb9b9000 ---p 0000f000 08:05 5393351                    /usr/lib/jvm/java-8-openjdk-amd64/jre/lib/amd64/libverify.so
7fd3fb9b9000-7fd3fb9bb000 r--p 0000e000 08:05 5393351                    /usr/lib/jvm/java-8-openjdk-amd64/jre/lib/amd64/libverify.so
7fd3fb9bb000-7fd3fb9bc000 rw-p 00010000 08:05 5393351                    /usr/lib/jvm/java-8-openjdk-amd64/jre/lib/amd64/libverify.so
7fd3fb9bc000-7fd3fb9c3000 r-xp 00000000 08:05 3674727                    /lib/x86_64-linux-gnu/librt-2.23.so
7fd3fb9c3000-7fd3fbbc2000 ---p 00007000 08:05 3674727                    /lib/x86_64-linux-gnu/librt-2.23.so
7fd3fbbc2000-7fd3fbbc3000 r--p 00006000 08:05 3674727                    /lib/x86_64-linux-gnu/librt-2.23.so
7fd3fbbc3000-7fd3fbbc4000 rw-p 00007000 08:05 3674727                    /lib/x86_64-linux-gnu/librt-2.23.so
7fd3fbbc4000-7fd3fbbda000 r-xp 00000000 08:05 3674611                    /lib/x86_64-linux-gnu/libgcc_s.so.1
7fd3fbbda000-7fd3fbdd9000 ---p 00016000 08:05 3674611                    /lib/x86_64-linux-gnu/libgcc_s.so.1
7fd3fbdd9000-7fd3fbdda000 rw-p 00015000 08:05 3674611                    /lib/x86_64-linux-gnu/libgcc_s.so.1
7fd3fbdda000-7fd3fbee2000 r-xp 00000000 08:05 3674643                    /lib/x86_64-linux-gnu/libm-2.23.so
7fd3fbee2000-7fd3fc0e1000 ---p 00108000 08:05 3674643                    /lib/x86_64-linux-gnu/libm-2.23.so
7fd3fc0e1000-7fd3fc0e2000 r--p 00107000 08:05 3674643                    /lib/x86_64-linux-gnu/libm-2.23.so
7fd3fc0e2000-7fd3fc0e3000 rw-p 00108000 08:05 3674643                    /lib/x86_64-linux-gnu/libm-2.23.so
7fd3fc0e3000-7fd3fc255000 r-xp 00000000 08:05 5376001                    /usr/lib/x86_64-linux-gnu/libstdc++.so.6.0.21
7fd3fc255000-7fd3fc455000 ---p 00172000 08:05 5376001                    /usr/lib/x86_64-linux-gnu/libstdc++.so.6.0.21
7fd3fc455000-7fd3fc45f000 r--p 00172000 08:05 5376001                    /usr/lib/x86_64-linux-gnu/libstdc++.so.6.0.21
7fd3fc45f000-7fd3fc461000 rw-p 0017c000 08:05 5376001                    /usr/lib/x86_64-linux-gnu/libstdc++.so.6.0.21
7fd3fc461000-7fd3fc465000 rw-p 00000000 00:00 0 
7fd3fc465000-7fd3fd0c6000 r-xp 00000000 08:05 5393356                    /usr/lib/jvm/java-8-openjdk-amd64/jre/lib/amd64/server/libjvm.so
7fd3fd0c6000-7fd3fd2c6000 ---p 00c61000 08:05 5393356                    /usr/lib/jvm/java-8-openjdk-amd64/jre/lib/amd64/server/libjvm.so
7fd3fd2c6000-7fd3fd35a000 r--p 00c61000 08:05 5393356                    /usr/lib/jvm/java-8-openjdk-amd64/jre/lib/amd64/server/libjvm.so
7fd3fd35a000-7fd3fd383000 rw-p 00cf5000 08:05 5393356                    /usr/lib/jvm/java-8-openjdk-amd64/jre/lib/amd64/server/libjvm.so
7fd3fd383000-7fd3fd3b3000 rw-p 00000000 00:00 0 
7fd3fd3b3000-7fd3fd3cb000 r-xp 00000000 08:05 3674719                    /lib/x86_64-linux-gnu/libpthread-2.23.so
7fd3fd3cb000-7fd3fd5ca000 ---p 00018000 08:05 3674719                    /lib/x86_64-linux-gnu/libpthread-2.23.so
7fd3fd5ca000-7fd3fd5cb000 r--p 00017000 08:05 3674719                    /lib/x86_64-linux-gnu/libpthread-2.23.so
7fd3fd5cb000-7fd3fd5cc000 rw-p 00018000 08:05 3674719                    /lib/x86_64-linux-gnu/libpthread-2.23.so
7fd3fd5cc000-7fd3fd5d0000 rw-p 00000000 00:00 0 
7fd3fd5d0000-7fd3fd5d3000 r-xp 00000000 08:05 3674597                    /lib/x86_64-linux-gnu/libdl-2.23.so
7fd3fd5d3000-7fd3fd7d2000 ---p 00003000 08:05 3674597                    /lib/x86_64-linux-gnu/libdl-2.23.so
7fd3fd7d2000-7fd3fd7d3000 r--p 00002000 08:05 3674597                    /lib/x86_64-linux-gnu/libdl-2.23.so
7fd3fd7d3000-7fd3fd7d4000 rw-p 00003000 08:05 3674597                    /lib/x86_64-linux-gnu/libdl-2.23.so
7fd3fd7d4000-7fd3fd7ed000 r-xp 00000000 08:05 3674764                    /lib/x86_64-linux-gnu/libz.so.1.2.8
7fd3fd7ed000-7fd3fd9ec000 ---p 00019000 08:05 3674764                    /lib/x86_64-linux-gnu/libz.so.1.2.8
7fd3fd9ec000-7fd3fd9ed000 r--p 00018000 08:05 3674764                    /lib/x86_64-linux-gnu/libz.so.1.2.8
7fd3fd9ed000-7fd3fd9ee000 rw-p 00019000 08:05 3674764                    /lib/x86_64-linux-gnu/libz.so.1.2.8
7fd3fd9ee000-7fd3fdbae000 r-xp 00000000 08:05 3674573                    /lib/x86_64-linux-gnu/libc-2.23.so
7fd3fdbae000-7fd3fddae000 ---p 001c0000 08:05 3674573                    /lib/x86_64-linux-gnu/libc-2.23.so
7fd3fddae000-7fd3fddb2000 r--p 001c0000 08:05 3674573                    /lib/x86_64-linux-gnu/libc-2.23.so
7fd3fddb2000-7fd3fddb4000 rw-p 001c4000 08:05 3674573                    /lib/x86_64-linux-gnu/libc-2.23.so
7fd3fddb4000-7fd3fddb8000 rw-p 00000000 00:00 0 
7fd3fddb8000-7fd3fddc5000 r-xp 00000000 08:05 5393348                    /usr/lib/jvm/java-8-openjdk-amd64/jre/lib/amd64/jli/libjli.so
7fd3fddc5000-7fd3fdfc5000 ---p 0000d000 08:05 5393348                    /usr/lib/jvm/java-8-openjdk-amd64/jre/lib/amd64/jli/libjli.so
7fd3fdfc5000-7fd3fdfc6000 r--p 0000d000 08:05 5393348                    /usr/lib/jvm/java-8-openjdk-amd64/jre/lib/amd64/jli/libjli.so
7fd3fdfc6000-7fd3fdfc7000 rw-p 0000e000 08:05 5393348                    /usr/lib/jvm/java-8-openjdk-amd64/jre/lib/amd64/jli/libjli.so
7fd3fdfc7000-7fd3fdfed000 r-xp 00000000 08:05 3674545                    /lib/x86_64-linux-gnu/ld-2.23.so
7fd3fdfed000-7fd3fdff5000 r--s 00048000 08:05 14025590                   /home/jagadeesh/eclipse/java-2018-09/eclipse/configuration/org.eclipse.osgi/520/0/.cp/lib/testng-remote.jar
7fd3fdff5000-7fd3fdff7000 r--s 00001000 08:05 5393312                    /usr/lib/jvm/java-8-openjdk-amd64/jre/lib/ext/dnsns.jar
7fd3fdff7000-7fd3fdffd000 r--s 0003b000 08:05 5393315                    /usr/lib/jvm/java-8-openjdk-amd64/jre/lib/ext/sunjce_provider.jar
7fd3fdffd000-7fd3fe0c8000 rw-p 00000000 00:00 0 
7fd3fe0c8000-7fd3fe0cb000 ---p 00000000 00:00 0 
7fd3fe0cb000-7fd3fe1cd000 rw-p 00000000 00:00 0 
7fd3fe1cd000-7fd3fe1ce000 r--s 00010000 08:05 5393311                    /usr/lib/jvm/java-8-openjdk-amd64/jre/lib/ext/zipfs.jar
7fd3fe1ce000-7fd3fe1d1000 r--s 0000f000 08:05 5393316                    /usr/lib/jvm/java-8-openjdk-amd64/jre/lib/ext/icedtea-sound.jar
7fd3fe1d1000-7fd3fe1d3000 r--s 00008000 08:05 5393310                    /usr/lib/jvm/java-8-openjdk-amd64/jre/lib/ext/sunec.jar
7fd3fe1d3000-7fd3fe1d4000 r--s 0000a000 08:05 5393313                    /usr/lib/jvm/java-8-openjdk-amd64/jre/lib/ext/jaccess.jar
7fd3fe1d4000-7fd3fe1d7000 r--s 00038000 08:05 5393309                    /usr/lib/jvm/java-8-openjdk-amd64/jre/lib/ext/sunpkcs11.jar
7fd3fe1d7000-7fd3fe1e1000 r--s 00116000 08:05 5393317                    /usr/lib/jvm/java-8-openjdk-amd64/jre/lib/ext/localedata.jar
7fd3fe1e1000-7fd3fe1e9000 rw-s 00000000 08:05 305264                     /tmp/hsperfdata_jagadeesh/17775
7fd3fe1e9000-7fd3fe1ea000 rw-p 00000000 00:00 0 
7fd3fe1ea000-7fd3fe1eb000 r--p 00000000 00:00 0 
7fd3fe1eb000-7fd3fe1ec000 rw-p 00000000 00:00 0 
7fd3fe1ec000-7fd3fe1ed000 r--p 00025000 08:05 3674545                    /lib/x86_64-linux-gnu/ld-2.23.so
7fd3fe1ed000-7fd3fe1ee000 rw-p 00026000 08:05 3674545                    /lib/x86_64-linux-gnu/ld-2.23.so
7fd3fe1ee000-7fd3fe1ef000 rw-p 00000000 00:00 0 
7ffd5aa0d000-7ffd5aa31000 rw-p 00000000 00:00 0                          [stack]
7ffd5aa7d000-7ffd5aa80000 r--p 00000000 00:00 0                          [vvar]
7ffd5aa80000-7ffd5aa82000 r-xp 00000000 00:00 0                          [vdso]
ffffffffff600000-ffffffffff601000 r-xp 00000000 00:00 0                  [vsyscall]

VM Arguments:
jvm_args: -ea -Dfile.encoding=UTF-8 
java_command: org.testng.remote.RemoteTestNG -serport 41283 -protocol json -d /home/jagadeesh/Desktop/eclipseworkspace/GambiTest/test-output /tmp/testng-eclipse-1143268323/testng-customsuite.xml
java_class_path (initial): /home/jagadeesh/eclipse/java-2018-09/eclipse/configuration/org.eclipse.osgi/520/0/.cp/lib/testng-remote.jar:/home/jagadeesh/Desktop/eclipseworkspace/GambiTest/target/test-classes:/home/jagadeesh/Desktop/eclipseworkspace/GambiTest/target/classes:/home/jagadeesh/.m2/repository/junit/junit/3.8.1/junit-3.8.1.jar:/home/jagadeesh/.m2/repository/org/seleniumhq/selenium/selenium-java/3.14.0/selenium-java-3.14.0.jar:/home/jagadeesh/.m2/repository/org/seleniumhq/selenium/selenium-api/3.14.0/selenium-api-3.14.0.jar:/home/jagadeesh/.m2/repository/org/seleniumhq/selenium/selenium-chrome-driver/3.14.0/selenium-chrome-driver-3.14.0.jar:/home/jagadeesh/.m2/repository/org/seleniumhq/selenium/selenium-edge-driver/3.14.0/selenium-edge-driver-3.14.0.jar:/home/jagadeesh/.m2/repository/org/seleniumhq/selenium/selenium-firefox-driver/3.14.0/selenium-firefox-driver-3.14.0.jar:/home/jagadeesh/.m2/repository/org/seleniumhq/selenium/selenium-ie-driver/3.14.0/selenium-ie-driver-3.14.0.jar:/home/jagadeesh/.m2/repository/org/seleniumhq/selenium/selenium-opera-driver/3.14.0/selenium-opera-driver-3.14.0.jar:/home/jagadeesh/.m2/repository/org/seleniumhq/selenium/selenium-remote-driver/3.14.0/selenium-remote-driver-3.14.0.jar:/home/jagadeesh/.m2/repository/org/seleniumhq/selenium/selenium-safari-driver/3.14.0/selenium-safari-driver-3.14.0.jar:/home/jagadeesh/.m2/repository/org/seleniumhq/selenium/selenium-support/3.14.0/selenium-support-3.14.0.jar:/home/jagadeesh/.m2/repository/net/bytebuddy/byte-buddy/1.8.15/byte-buddy-1.8.15.jar:/home/jagadeesh/.m2/repository/org/apache/commons/commons-exec/1.3/commons-exec-1.3.jar:/home/jagadeesh/.m2/repository/commons-codec/commons-codec/1.10/commons-codec-1.10.jar:/home/jagadeesh/.m2/repository/commons-logging/commons-logging/1.2/commons-logging-1.2.jar:/home/jagadeesh/.m2/repository/com/google/guava/guava/25.0-jre/guava-25.0-jre.jar:/home/jagadeesh/.m2/repository/com/google/code/findbugs/jsr305/1.3.9/jsr305-1.3.9.jar:/home/jagadees
Launcher Type: SUN_STANDARD

Environment Variables:
JAVA_HOME=/usr/lib/jvm/java-8-oracle/jre/
PATH=/home/jagadeesh/bin:/home/jagadeesh/.local/bin:/usr/local/sbin:/usr/local/bin:/usr/sbin:/usr/bin:/sbin:/bin:/usr/games:/usr/local/games:/snap/bin:/usr/lib/jvm/java-8-oracle/bin:/usr/lib/jvm/java-8-oracle/db/bin:/usr/lib/jvm/java-8-oracle/jre/bin
SHELL=/bin/bash
DISPLAY=:0

Signal Handlers:
SIGSEGV: [libjvm.so+0xa74ca0], sa_mask[0]=11111111011111111101111111111110, sa_flags=SA_RESTART|SA_SIGINFO
SIGBUS: [libjvm.so+0xa74ca0], sa_mask[0]=11111111011111111101111111111110, sa_flags=SA_RESTART|SA_SIGINFO
SIGFPE: [libjvm.so+0x8bbcf0], sa_mask[0]=11111111011111111101111111111110, sa_flags=SA_RESTART|SA_SIGINFO
SIGPIPE: [libjvm.so+0x8bbcf0], sa_mask[0]=11111111011111111101111111111110, sa_flags=SA_RESTART|SA_SIGINFO
SIGXFSZ: [libjvm.so+0x8bbcf0], sa_mask[0]=11111111011111111101111111111110, sa_flags=SA_RESTART|SA_SIGINFO
SIGILL: [libjvm.so+0x8bbcf0], sa_mask[0]=11111111011111111101111111111110, sa_flags=SA_RESTART|SA_SIGINFO
SIGUSR1: SIG_DFL, sa_mask[0]=00000000000000000000000000000000, sa_flags=none
SIGUSR2: [libjvm.so+0x8bbba0], sa_mask[0]=00100000000000000000000000000000, sa_flags=SA_RESTART|SA_SIGINFO
SIGHUP: [libjvm.so+0x8bc230], sa_mask[0]=11111111011111111101111111111110, sa_flags=SA_RESTART|SA_SIGINFO
SIGINT: [libjvm.so+0x8bc230], sa_mask[0]=11111111011111111101111111111110, sa_flags=SA_RESTART|SA_SIGINFO
SIGTERM: [libjvm.so+0x8bc230], sa_mask[0]=11111111011111111101111111111110, sa_flags=SA_RESTART|SA_SIGINFO
SIGQUIT: [libjvm.so+0x8bc230], sa_mask[0]=11111111011111111101111111111110, sa_flags=SA_RESTART|SA_SIGINFO


---------------  S Y S T E M  ---------------

OS:DISTRIB_ID=Ubuntu
DISTRIB_RELEASE=16.04
DISTRIB_CODENAME=xenial
DISTRIB_DESCRIPTION="Ubuntu 16.04.5 LTS"

uname:Linux 4.15.0-45-generic #48~16.04.1-Ubuntu SMP Tue Jan 29 18:03:48 UTC 2019 x86_64
libc:glibc 2.23 NPTL 2.23 
rlimit: STACK 8192k, CORE 0k, NPROC 31174, NOFILE 1048576, AS infinity
load average:1.76 2.12 2.00

/proc/meminfo:
MemTotal:        8040300 kB
MemFree:          230488 kB
MemAvailable:     860568 kB
Buffers:           88572 kB
Cached:          1713364 kB
SwapCached:        51792 kB
Active:          4920788 kB
Inactive:        1466500 kB
Active(anon):    4473784 kB
Inactive(anon):  1098276 kB
Active(file):     447004 kB
Inactive(file):   368224 kB
Unevictable:         544 kB
Mlocked:             544 kB
SwapTotal:       8258556 kB
SwapFree:        7214332 kB
Dirty:              3108 kB
Writeback:             0 kB
AnonPages:       4562700 kB
Mapped:          1792192 kB
Shmem:            986708 kB
Slab:             159920 kB
SReclaimable:      74464 kB
SUnreclaim:        85456 kB
KernelStack:       18032 kB
PageTables:        82376 kB
NFS_Unstable:          0 kB
Bounce:                0 kB
WritebackTmp:          0 kB
CommitLimit:    12278704 kB
Committed_AS:   16224048 kB
VmallocTotal:   34359738367 kB
VmallocUsed:           0 kB
VmallocChunk:          0 kB
HardwareCorrupted:     0 kB
AnonHugePages:         0 kB
ShmemHugePages:        0 kB
ShmemPmdMapped:        0 kB
CmaTotal:              0 kB
CmaFree:               0 kB
HugePages_Total:       0
HugePages_Free:        0
HugePages_Rsvd:        0
HugePages_Surp:        0
Hugepagesize:       2048 kB
DirectMap4k:      499200 kB
DirectMap2M:     7761920 kB
DirectMap1G:     1048576 kB

container (cgroup) information:
container_type: cgroupv1
cpu_cpuset_cpus: 0-3
cpu_memory_nodes: 0
active_processor_count: 4
cpu_quota: -1
cpu_period: 100000
cpu_shares: -1
memory_limit_in_bytes: -1
memory_and_swap_limit_in_bytes: -2
memory_soft_limit_in_bytes: -1
memory_usage_in_bytes: 6526488576
memory_max_usage_in_bytes: 2097152


CPU:total 4 (initial active 4) (2 cores per cpu, 2 threads per core) family 6 model 61 stepping 4, cmov, cx8, fxsr, mmx, sse, sse2, sse3, ssse3, sse4.1, sse4.2, popcnt, avx, avx2, aes, clmul, erms, rtm, 3dnowpref, lzcnt, ht, tsc, tscinvbit, bmi1, bmi2, adx

/proc/cpuinfo:
processor	: 0
vendor_id	: GenuineIntel
cpu family	: 6
model		: 61
model name	: Intel(R) Core(TM) i7-5600U CPU @ 2.60GHz
stepping	: 4
microcode	: 0x2b
cpu MHz		: 2397.019
cache size	: 4096 KB
physical id	: 0
siblings	: 4
core id		: 0
cpu cores	: 2
apicid		: 0
initial apicid	: 0
fpu		: yes
fpu_exception	: yes
cpuid level	: 20
wp		: yes
flags		: fpu vme de pse tsc msr pae mce cx8 apic sep mtrr pge mca cmov pat pse36 clflush dts acpi mmx fxsr sse sse2 ss ht tm pbe syscall nx pdpe1gb rdtscp lm constant_tsc arch_perfmon pebs bts rep_good nopl xtopology nonstop_tsc cpuid aperfmperf pni pclmulqdq dtes64 monitor ds_cpl vmx smx est tm2 ssse3 sdbg fma cx16 xtpr pdcm pcid sse4_1 sse4_2 x2apic movbe popcnt tsc_deadline_timer aes xsave avx f16c rdrand lahf_lm abm 3dnowprefetch cpuid_fault epb invpcid_single pti ssbd ibrs ibpb stibp tpr_shadow vnmi flexpriority ept vpid fsgsbase tsc_adjust bmi1 hle avx2 smep bmi2 erms invpcid rtm rdseed adx smap intel_pt xsaveopt dtherm ida arat pln pts flush_l1d
bugs		: cpu_meltdown spectre_v1 spectre_v2 spec_store_bypass l1tf
bogomips	: 5187.81
clflush size	: 64
cache_alignment	: 64
address sizes	: 39 bits physical, 48 bits virtual
power management:

processor	: 1
vendor_id	: GenuineIntel
cpu family	: 6
model		: 61
model name	: Intel(R) Core(TM) i7-5600U CPU @ 2.60GHz
stepping	: 4
microcode	: 0x2b
cpu MHz		: 2096.741
cache size	: 4096 KB
physical id	: 0
siblings	: 4
core id		: 0
cpu cores	: 2
apicid		: 1
initial apicid	: 1
fpu		: yes
fpu_exception	: yes
cpuid level	: 20
wp		: yes
flags		: fpu vme de pse tsc msr pae mce cx8 apic sep mtrr pge mca cmov pat pse36 clflush dts acpi mmx fxsr sse sse2 ss ht tm pbe syscall nx pdpe1gb rdtscp lm constant_tsc arch_perfmon pebs bts rep_good nopl xtopology nonstop_tsc cpuid aperfmperf pni pclmulqdq dtes64 monitor ds_cpl vmx smx est tm2 ssse3 sdbg fma cx16 xtpr pdcm pcid sse4_1 sse4_2 x2apic movbe popcnt tsc_deadline_timer aes xsave avx f16c rdrand lahf_lm abm 3dnowprefetch cpuid_fault epb invpcid_single pti ssbd ibrs ibpb stibp tpr_shadow vnmi flexpriority ept vpid fsgsbase tsc_adjust bmi1 hle avx2 smep bmi2 erms invpcid rtm rdseed adx smap intel_pt xsaveopt dtherm ida arat pln pts flush_l1d
bugs		: cpu_meltdown spectre_v1 spectre_v2 spec_store_bypass l1tf
bogomips	: 5187.81
clflush size	: 64
cache_alignment	: 64
address sizes	: 39 bits physical, 48 bits virtual
power management:

processor	: 2
vendor_id	: GenuineIntel
cpu family	: 6
model		: 61
model name	: Intel(R) Core(TM) i7-5600U CPU @ 2.60GHz
stepping	: 4
microcode	: 0x2b
cpu MHz		: 1868.196
cache size	: 4096 KB
physical id	: 0
siblings	: 4
core id		: 1
cpu cores	: 2
apicid		: 2
initial apicid	: 2
fpu		: yes
fpu_exception	: yes
cpuid level	: 20
wp		: yes
flags		: fpu vme de pse tsc msr pae mce cx8 apic sep mtrr pge mca cmov pat pse36 clflush dts acpi mmx fxsr sse sse2 ss ht tm pbe syscall nx pdpe1gb rdtscp lm constant_tsc arch_perfmon pebs bts rep_good nopl xtopology nonstop_tsc cpuid aperfmperf pni pclmulqdq dtes64 monitor ds_cpl vmx smx est tm2 ssse3 sdbg fma cx16 xtpr pdcm pcid sse4_1 sse4_2 x2apic movbe popcnt tsc_deadline_timer aes xsave avx f16c rdrand lahf_lm abm 3dnowprefetch cpuid_fault epb invpcid_single pti ssbd ibrs ibpb stibp tpr_shadow vnmi flexpriority ept vpid fsgsbase tsc_adjust bmi1 hle avx2 smep bmi2 erms invpcid rtm rdseed adx smap intel_pt xsaveopt dtherm ida arat pln pts flush_l1d
bugs		: cpu_meltdown spectre_v1 spectre_v2 spec_store_bypass l1tf
bogomips	: 5187.81
clflush size	: 64
cache_alignment	: 64
address sizes	: 39 bits physical, 48 bits virtual
power management:

processor	: 3
vendor_id	: GenuineIntel
cpu family	: 6
model		: 61
model name	: Intel(R) Core(TM) i7-5600U CPU @ 2.60GHz
stepping	: 4
microcode	: 0x2b
cpu MHz		: 1824.924
cache size	: 4096 KB
physical id	: 0
siblings	: 4
core id		: 1
cpu cores	: 2
apicid		: 3
initial apicid	: 3
fpu		: yes
fpu_exception	: yes
cpuid level	: 20
wp		: yes
flags		: fpu vme de pse tsc msr pae mce cx8 apic sep mtrr pge mca cmov pat pse36 clflush dts acpi mmx fxsr sse sse2 ss ht tm pbe syscall nx pdpe1gb rdtscp lm constant_tsc arch_perfmon pebs bts rep_good nopl xtopology nonstop_tsc cpuid aperfmperf pni pclmulqdq dtes64 monitor ds_cpl vmx smx est tm2 ssse3 sdbg fma cx16 xtpr pdcm pcid sse4_1 sse4_2 x2apic movbe popcnt tsc_deadline_timer aes xsave avx f16c rdrand lahf_lm abm 3dnowprefetch cpuid_fault epb invpcid_single pti ssbd ibrs ibpb stibp tpr_shadow vnmi flexpriority ept vpid fsgsbase tsc_adjust bmi1 hle avx2 smep bmi2 erms invpcid rtm rdseed adx smap intel_pt xsaveopt dtherm ida arat pln pts flush_l1d
bugs		: cpu_meltdown spectre_v1 spectre_v2 spec_store_bypass l1tf
bogomips	: 5187.81
clflush size	: 64
cache_alignment	: 64
address sizes	: 39 bits physical, 48 bits virtual
power management:



Memory: 4k page, physical 8040300k(230488k free), swap 8258556k(7214332k free)

vm_info: OpenJDK 64-Bit Server VM (25.191-b12) for linux-amd64 JRE (1.8.0_191-8u191-b12-2ubuntu0.16.04.1-b12), built on Jan 14 2019 21:59:52 by "buildd" with gcc 5.4.0 20160609

time: Mon Apr  1 17:55:33 2019
elapsed time: 18 seconds (0d 0h 0m 18s)

